{"/Users/willi/Documents/Proyectos/React/components-library/src/assets/icons/PlusIcon.tsx": {"path":"/Users/willi/Documents/Proyectos/React/components-library/src/assets/icons/PlusIcon.tsx","all":false,"statementMap":{"0":{"start":{"line":1,"column":0},"end":{"line":1,"column":26}},"1":{"start":{"line":2,"column":0},"end":{"line":2,"column":0}},"2":{"start":{"line":3,"column":0},"end":{"line":3,"column":70}},"3":{"start":{"line":4,"column":0},"end":{"line":4,"column":75}},"4":{"start":{"line":5,"column":0},"end":{"line":5,"column":218}},"5":{"start":{"line":6,"column":0},"end":{"line":6,"column":8}},"6":{"start":{"line":7,"column":0},"end":{"line":7,"column":2}},"7":{"start":{"line":8,"column":0},"end":{"line":8,"column":0}},"8":{"start":{"line":9,"column":0},"end":{"line":9,"column":24}}},"s":{"0":1,"1":1,"2":1,"3":1,"4":1,"5":1,"6":1,"7":1,"8":1},"branchMap":{"0":{"type":"branch","line":3,"loc":{"start":{"line":3,"column":58},"end":{"line":3,"column":70}},"locations":[{"start":{"line":3,"column":58},"end":{"line":3,"column":70}}]}},"b":{"0":[2]},"fnMap":{"0":{"name":"PlusIcon","decl":{"start":{"line":3,"column":58},"end":{"line":3,"column":70}},"loc":{"start":{"line":3,"column":58},"end":{"line":3,"column":70}},"line":3}},"f":{"0":2}}
,"/Users/willi/Documents/Proyectos/React/components-library/src/components/Button/Button.styles.tsx": {"path":"/Users/willi/Documents/Proyectos/React/components-library/src/components/Button/Button.styles.tsx","all":false,"statementMap":{"0":{"start":{"line":1,"column":0},"end":{"line":1,"column":39}},"1":{"start":{"line":2,"column":0},"end":{"line":2,"column":40}},"2":{"start":{"line":3,"column":0},"end":{"line":3,"column":49}},"3":{"start":{"line":4,"column":0},"end":{"line":4,"column":52}},"4":{"start":{"line":5,"column":0},"end":{"line":5,"column":0}},"5":{"start":{"line":6,"column":0},"end":{"line":6,"column":49}},"6":{"start":{"line":7,"column":0},"end":{"line":7,"column":21}},"7":{"start":{"line":8,"column":0},"end":{"line":8,"column":15}},"8":{"start":{"line":9,"column":0},"end":{"line":9,"column":38}},"9":{"start":{"line":10,"column":0},"end":{"line":10,"column":16}},"10":{"start":{"line":11,"column":0},"end":{"line":11,"column":18}},"11":{"start":{"line":12,"column":0},"end":{"line":12,"column":32}},"12":{"start":{"line":13,"column":0},"end":{"line":13,"column":22}},"13":{"start":{"line":14,"column":0},"end":{"line":14,"column":15}},"14":{"start":{"line":15,"column":0},"end":{"line":15,"column":39}},"15":{"start":{"line":16,"column":0},"end":{"line":16,"column":16}},"16":{"start":{"line":17,"column":0},"end":{"line":17,"column":18}},"17":{"start":{"line":18,"column":0},"end":{"line":18,"column":33}},"18":{"start":{"line":19,"column":0},"end":{"line":19,"column":23}},"19":{"start":{"line":20,"column":0},"end":{"line":20,"column":77}},"20":{"start":{"line":21,"column":0},"end":{"line":21,"column":32}},"21":{"start":{"line":22,"column":0},"end":{"line":22,"column":70}},"22":{"start":{"line":23,"column":0},"end":{"line":23,"column":22}},"23":{"start":{"line":24,"column":0},"end":{"line":24,"column":28}},"24":{"start":{"line":25,"column":0},"end":{"line":25,"column":14}},"25":{"start":{"line":26,"column":0},"end":{"line":26,"column":85}},"26":{"start":{"line":27,"column":0},"end":{"line":27,"column":21}},"27":{"start":{"line":28,"column":0},"end":{"line":28,"column":28}},"28":{"start":{"line":29,"column":0},"end":{"line":29,"column":15}},"29":{"start":{"line":30,"column":0},"end":{"line":30,"column":86}},"30":{"start":{"line":31,"column":0},"end":{"line":31,"column":21}},"31":{"start":{"line":32,"column":0},"end":{"line":32,"column":24}},"32":{"start":{"line":33,"column":0},"end":{"line":33,"column":24}},"33":{"start":{"line":34,"column":0},"end":{"line":34,"column":33}},"34":{"start":{"line":35,"column":0},"end":{"line":35,"column":18}},"35":{"start":{"line":36,"column":0},"end":{"line":36,"column":24}},"36":{"start":{"line":37,"column":0},"end":{"line":37,"column":16}},"37":{"start":{"line":38,"column":0},"end":{"line":38,"column":26}},"38":{"start":{"line":39,"column":0},"end":{"line":39,"column":22}},"39":{"start":{"line":40,"column":0},"end":{"line":40,"column":25}},"40":{"start":{"line":41,"column":0},"end":{"line":41,"column":15}},"41":{"start":{"line":42,"column":0},"end":{"line":42,"column":41}},"42":{"start":{"line":43,"column":0},"end":{"line":43,"column":44}},"43":{"start":{"line":44,"column":0},"end":{"line":44,"column":30}},"44":{"start":{"line":45,"column":0},"end":{"line":45,"column":0}},"45":{"start":{"line":46,"column":0},"end":{"line":46,"column":11}},"46":{"start":{"line":47,"column":0},"end":{"line":47,"column":52}},"47":{"start":{"line":48,"column":0},"end":{"line":48,"column":27}},"48":{"start":{"line":49,"column":0},"end":{"line":49,"column":17}},"49":{"start":{"line":50,"column":0},"end":{"line":50,"column":3}},"50":{"start":{"line":51,"column":0},"end":{"line":51,"column":0}},"51":{"start":{"line":52,"column":0},"end":{"line":52,"column":15}},"52":{"start":{"line":53,"column":0},"end":{"line":53,"column":22}},"53":{"start":{"line":54,"column":0},"end":{"line":54,"column":78}},"54":{"start":{"line":55,"column":0},"end":{"line":55,"column":3}},"55":{"start":{"line":56,"column":0},"end":{"line":56,"column":0}},"56":{"start":{"line":57,"column":0},"end":{"line":57,"column":23}},"57":{"start":{"line":58,"column":0},"end":{"line":58,"column":26}},"58":{"start":{"line":59,"column":0},"end":{"line":59,"column":3}},"59":{"start":{"line":60,"column":0},"end":{"line":60,"column":0}},"60":{"start":{"line":61,"column":0},"end":{"line":61,"column":14}},"61":{"start":{"line":62,"column":0},"end":{"line":62,"column":33}},"62":{"start":{"line":63,"column":0},"end":{"line":63,"column":32}},"63":{"start":{"line":64,"column":0},"end":{"line":64,"column":37}},"64":{"start":{"line":65,"column":0},"end":{"line":65,"column":6}},"65":{"start":{"line":66,"column":0},"end":{"line":66,"column":24}},"66":{"start":{"line":67,"column":0},"end":{"line":67,"column":22}},"67":{"start":{"line":68,"column":0},"end":{"line":68,"column":38}},"68":{"start":{"line":69,"column":0},"end":{"line":69,"column":31}},"69":{"start":{"line":70,"column":0},"end":{"line":70,"column":17}},"70":{"start":{"line":71,"column":0},"end":{"line":71,"column":17}},"71":{"start":{"line":72,"column":0},"end":{"line":72,"column":0}},"72":{"start":{"line":73,"column":0},"end":{"line":73,"column":17}},"73":{"start":{"line":74,"column":0},"end":{"line":74,"column":55}},"74":{"start":{"line":75,"column":0},"end":{"line":75,"column":5}},"75":{"start":{"line":76,"column":0},"end":{"line":76,"column":0}},"76":{"start":{"line":77,"column":0},"end":{"line":77,"column":13}},"77":{"start":{"line":78,"column":0},"end":{"line":78,"column":50}},"78":{"start":{"line":79,"column":0},"end":{"line":79,"column":56}},"79":{"start":{"line":80,"column":0},"end":{"line":80,"column":5}},"80":{"start":{"line":81,"column":0},"end":{"line":81,"column":3}},"81":{"start":{"line":82,"column":0},"end":{"line":82,"column":0}},"82":{"start":{"line":83,"column":0},"end":{"line":83,"column":12}},"83":{"start":{"line":84,"column":0},"end":{"line":84,"column":48}},"84":{"start":{"line":85,"column":0},"end":{"line":85,"column":27}},"85":{"start":{"line":86,"column":0},"end":{"line":86,"column":0}},"86":{"start":{"line":87,"column":0},"end":{"line":87,"column":17}},"87":{"start":{"line":88,"column":0},"end":{"line":88,"column":28}},"88":{"start":{"line":89,"column":0},"end":{"line":89,"column":5}},"89":{"start":{"line":90,"column":0},"end":{"line":90,"column":3}},"90":{"start":{"line":91,"column":0},"end":{"line":91,"column":0}},"91":{"start":{"line":92,"column":0},"end":{"line":92,"column":40}},"92":{"start":{"line":93,"column":0},"end":{"line":93,"column":23}},"93":{"start":{"line":94,"column":0},"end":{"line":94,"column":17}},"94":{"start":{"line":95,"column":0},"end":{"line":95,"column":42}},"95":{"start":{"line":96,"column":0},"end":{"line":96,"column":18}},"96":{"start":{"line":97,"column":0},"end":{"line":97,"column":20}},"97":{"start":{"line":98,"column":0},"end":{"line":98,"column":36}},"98":{"start":{"line":99,"column":0},"end":{"line":99,"column":22}},"99":{"start":{"line":100,"column":0},"end":{"line":100,"column":3}},"100":{"start":{"line":101,"column":0},"end":{"line":101,"column":0}},"101":{"start":{"line":102,"column":0},"end":{"line":102,"column":40}},"102":{"start":{"line":103,"column":0},"end":{"line":103,"column":22}},"103":{"start":{"line":104,"column":0},"end":{"line":104,"column":3}},"104":{"start":{"line":105,"column":0},"end":{"line":105,"column":2}},"105":{"start":{"line":106,"column":0},"end":{"line":106,"column":0}},"106":{"start":{"line":107,"column":0},"end":{"line":107,"column":33}},"107":{"start":{"line":108,"column":0},"end":{"line":108,"column":13}},"108":{"start":{"line":109,"column":0},"end":{"line":109,"column":16}},"109":{"start":{"line":110,"column":0},"end":{"line":110,"column":26}},"110":{"start":{"line":111,"column":0},"end":{"line":111,"column":22}},"111":{"start":{"line":112,"column":0},"end":{"line":112,"column":21}},"112":{"start":{"line":113,"column":0},"end":{"line":113,"column":19}},"113":{"start":{"line":114,"column":0},"end":{"line":114,"column":2}},"114":{"start":{"line":115,"column":0},"end":{"line":115,"column":0}},"115":{"start":{"line":116,"column":0},"end":{"line":116,"column":50}},"116":{"start":{"line":117,"column":0},"end":{"line":117,"column":17}},"117":{"start":{"line":118,"column":0},"end":{"line":118,"column":32}},"118":{"start":{"line":119,"column":0},"end":{"line":119,"column":72}},"119":{"start":{"line":120,"column":0},"end":{"line":120,"column":22}},"120":{"start":{"line":121,"column":0},"end":{"line":121,"column":29}},"121":{"start":{"line":122,"column":0},"end":{"line":122,"column":22}},"122":{"start":{"line":123,"column":0},"end":{"line":123,"column":28}},"123":{"start":{"line":124,"column":0},"end":{"line":124,"column":14}},"124":{"start":{"line":125,"column":0},"end":{"line":125,"column":49}},"125":{"start":{"line":126,"column":0},"end":{"line":126,"column":21}},"126":{"start":{"line":127,"column":0},"end":{"line":127,"column":78}},"127":{"start":{"line":128,"column":0},"end":{"line":128,"column":0}},"128":{"start":{"line":129,"column":0},"end":{"line":129,"column":11}},"129":{"start":{"line":130,"column":0},"end":{"line":130,"column":54}},"130":{"start":{"line":131,"column":0},"end":{"line":131,"column":27}},"131":{"start":{"line":132,"column":0},"end":{"line":132,"column":3}},"132":{"start":{"line":133,"column":0},"end":{"line":133,"column":0}},"133":{"start":{"line":134,"column":0},"end":{"line":134,"column":12}},"134":{"start":{"line":135,"column":0},"end":{"line":135,"column":50}},"135":{"start":{"line":136,"column":0},"end":{"line":136,"column":54}},"136":{"start":{"line":137,"column":0},"end":{"line":137,"column":3}},"137":{"start":{"line":138,"column":0},"end":{"line":138,"column":0}},"138":{"start":{"line":139,"column":0},"end":{"line":139,"column":14}},"139":{"start":{"line":140,"column":0},"end":{"line":140,"column":54}},"140":{"start":{"line":141,"column":0},"end":{"line":141,"column":27}},"141":{"start":{"line":142,"column":0},"end":{"line":142,"column":17}},"142":{"start":{"line":143,"column":0},"end":{"line":143,"column":3}},"143":{"start":{"line":144,"column":0},"end":{"line":144,"column":2}},"144":{"start":{"line":145,"column":0},"end":{"line":145,"column":0}},"145":{"start":{"line":146,"column":0},"end":{"line":146,"column":61}}},"s":{"0":1,"1":1,"2":1,"3":1,"4":1,"5":1,"6":1,"7":3,"8":3,"9":3,"10":2,"11":3,"12":1,"13":3,"14":3,"15":3,"16":2,"17":3,"18":1,"19":3,"20":1,"21":3,"22":1,"23":3,"24":3,"25":3,"26":1,"27":3,"28":3,"29":3,"30":1,"31":1,"32":1,"33":1,"34":1,"35":1,"36":1,"37":1,"38":1,"39":1,"40":3,"41":3,"42":3,"43":1,"44":1,"45":1,"46":1,"47":1,"48":1,"49":1,"50":1,"51":1,"52":1,"53":3,"54":1,"55":1,"56":1,"57":1,"58":1,"59":1,"60":1,"61":1,"62":1,"63":1,"64":1,"65":1,"66":1,"67":1,"68":1,"69":1,"70":1,"71":1,"72":1,"73":1,"74":1,"75":1,"76":1,"77":1,"78":1,"79":1,"80":1,"81":1,"82":1,"83":1,"84":1,"85":1,"86":1,"87":1,"88":1,"89":1,"90":1,"91":1,"92":1,"93":3,"94":3,"95":3,"96":2,"97":3,"98":1,"99":1,"100":1,"101":1,"102":1,"103":1,"104":1,"105":1,"106":1,"107":1,"108":1,"109":1,"110":1,"111":1,"112":1,"113":1,"114":1,"115":1,"116":1,"117":1,"118":1,"119":1,"120":1,"121":1,"122":1,"123":1,"124":1,"125":1,"126":1,"127":1,"128":1,"129":1,"130":1,"131":1,"132":1,"133":1,"134":1,"135":1,"136":1,"137":1,"138":1,"139":1,"140":1,"141":1,"142":1,"143":1,"144":1,"145":1},"branchMap":{"0":{"type":"branch","line":7,"loc":{"start":{"line":7,"column":11},"end":{"line":12,"column":32}},"locations":[{"start":{"line":7,"column":11},"end":{"line":12,"column":32}}]},"1":{"type":"branch","line":9,"loc":{"start":{"line":9,"column":6},"end":{"line":9,"column":38}},"locations":[{"start":{"line":9,"column":6},"end":{"line":9,"column":38}}]},"2":{"type":"branch","line":10,"loc":{"start":{"line":10,"column":6},"end":{"line":12,"column":30}},"locations":[{"start":{"line":10,"column":6},"end":{"line":12,"column":30}}]},"3":{"type":"branch","line":11,"loc":{"start":{"line":11,"column":8},"end":{"line":11,"column":18}},"locations":[{"start":{"line":11,"column":8},"end":{"line":11,"column":18}}]},"4":{"type":"branch","line":13,"loc":{"start":{"line":13,"column":12},"end":{"line":18,"column":33}},"locations":[{"start":{"line":13,"column":12},"end":{"line":18,"column":33}}]},"5":{"type":"branch","line":15,"loc":{"start":{"line":15,"column":6},"end":{"line":15,"column":39}},"locations":[{"start":{"line":15,"column":6},"end":{"line":15,"column":39}}]},"6":{"type":"branch","line":16,"loc":{"start":{"line":16,"column":6},"end":{"line":18,"column":31}},"locations":[{"start":{"line":16,"column":6},"end":{"line":18,"column":31}}]},"7":{"type":"branch","line":17,"loc":{"start":{"line":17,"column":8},"end":{"line":17,"column":18}},"locations":[{"start":{"line":17,"column":8},"end":{"line":17,"column":18}}]},"8":{"type":"branch","line":19,"loc":{"start":{"line":19,"column":13},"end":{"line":20,"column":77}},"locations":[{"start":{"line":19,"column":13},"end":{"line":20,"column":77}}]},"9":{"type":"branch","line":20,"loc":{"start":{"line":20,"column":16},"end":{"line":20,"column":50}},"locations":[{"start":{"line":20,"column":16},"end":{"line":20,"column":50}}]},"10":{"type":"branch","line":20,"loc":{"start":{"line":20,"column":51},"end":{"line":20,"column":75}},"locations":[{"start":{"line":20,"column":51},"end":{"line":20,"column":75}}]},"11":{"type":"branch","line":21,"loc":{"start":{"line":21,"column":22},"end":{"line":22,"column":70}},"locations":[{"start":{"line":21,"column":22},"end":{"line":22,"column":70}}]},"12":{"type":"branch","line":22,"loc":{"start":{"line":22,"column":29},"end":{"line":22,"column":52}},"locations":[{"start":{"line":22,"column":29},"end":{"line":22,"column":52}}]},"13":{"type":"branch","line":23,"loc":{"start":{"line":23,"column":12},"end":{"line":26,"column":85}},"locations":[{"start":{"line":23,"column":12},"end":{"line":26,"column":85}}]},"14":{"type":"branch","line":25,"loc":{"start":{"line":25,"column":6},"end":{"line":25,"column":14}},"locations":[{"start":{"line":25,"column":6},"end":{"line":25,"column":14}}]},"15":{"type":"branch","line":27,"loc":{"start":{"line":27,"column":11},"end":{"line":30,"column":86}},"locations":[{"start":{"line":27,"column":11},"end":{"line":30,"column":86}}]},"16":{"type":"branch","line":29,"loc":{"start":{"line":29,"column":6},"end":{"line":29,"column":15}},"locations":[{"start":{"line":29,"column":6},"end":{"line":29,"column":15}}]},"17":{"type":"branch","line":34,"loc":{"start":{"line":34,"column":12},"end":{"line":34,"column":28}},"locations":[{"start":{"line":34,"column":12},"end":{"line":34,"column":28}}]},"18":{"type":"branch","line":40,"loc":{"start":{"line":40,"column":15},"end":{"line":43,"column":44}},"locations":[{"start":{"line":40,"column":15},"end":{"line":43,"column":44}}]},"19":{"type":"branch","line":42,"loc":{"start":{"line":42,"column":6},"end":{"line":42,"column":41}},"locations":[{"start":{"line":42,"column":6},"end":{"line":42,"column":41}}]},"20":{"type":"branch","line":43,"loc":{"start":{"line":43,"column":6},"end":{"line":43,"column":31}},"locations":[{"start":{"line":43,"column":6},"end":{"line":43,"column":31}}]},"21":{"type":"branch","line":53,"loc":{"start":{"line":53,"column":12},"end":{"line":54,"column":78}},"locations":[{"start":{"line":53,"column":12},"end":{"line":54,"column":78}}]},"22":{"type":"branch","line":54,"loc":{"start":{"line":54,"column":31},"end":{"line":54,"column":40}},"locations":[{"start":{"line":54,"column":31},"end":{"line":54,"column":40}}]},"23":{"type":"branch","line":93,"loc":{"start":{"line":93,"column":13},"end":{"line":98,"column":36}},"locations":[{"start":{"line":93,"column":13},"end":{"line":98,"column":36}}]},"24":{"type":"branch","line":95,"loc":{"start":{"line":95,"column":8},"end":{"line":95,"column":42}},"locations":[{"start":{"line":95,"column":8},"end":{"line":95,"column":42}}]},"25":{"type":"branch","line":96,"loc":{"start":{"line":96,"column":8},"end":{"line":98,"column":34}},"locations":[{"start":{"line":96,"column":8},"end":{"line":98,"column":34}}]},"26":{"type":"branch","line":97,"loc":{"start":{"line":97,"column":10},"end":{"line":97,"column":20}},"locations":[{"start":{"line":97,"column":10},"end":{"line":97,"column":20}}]},"27":{"type":"branch","line":118,"loc":{"start":{"line":118,"column":22},"end":{"line":119,"column":72}},"locations":[{"start":{"line":118,"column":22},"end":{"line":119,"column":72}}]},"28":{"type":"branch","line":119,"loc":{"start":{"line":119,"column":29},"end":{"line":119,"column":54}},"locations":[{"start":{"line":119,"column":29},"end":{"line":119,"column":54}}]},"29":{"type":"branch","line":122,"loc":{"start":{"line":122,"column":12},"end":{"line":125,"column":49}},"locations":[{"start":{"line":122,"column":12},"end":{"line":125,"column":49}}]},"30":{"type":"branch","line":124,"loc":{"start":{"line":124,"column":6},"end":{"line":124,"column":14}},"locations":[{"start":{"line":124,"column":6},"end":{"line":124,"column":14}}]},"31":{"type":"branch","line":126,"loc":{"start":{"line":126,"column":11},"end":{"line":127,"column":78}},"locations":[{"start":{"line":126,"column":11},"end":{"line":127,"column":78}}]},"32":{"type":"branch","line":127,"loc":{"start":{"line":127,"column":29},"end":{"line":127,"column":38}},"locations":[{"start":{"line":127,"column":29},"end":{"line":127,"column":38}}]}},"b":{"0":[3],"1":[1],"2":[2],"3":[0],"4":[3],"5":[1],"6":[2],"7":[0],"8":[3],"9":[1],"10":[2],"11":[3],"12":[0],"13":[3],"14":[0],"15":[3],"16":[0],"17":[3],"18":[3],"19":[1],"20":[2],"21":[3],"22":[0],"23":[3],"24":[1],"25":[2],"26":[0],"27":[1],"28":[0],"29":[1],"30":[0],"31":[1],"32":[0]},"fnMap":{"0":{"name":"Object.<anonymous>.exports.ButtonElement","decl":{"start":{"line":7,"column":11},"end":{"line":12,"column":32}},"loc":{"start":{"line":7,"column":11},"end":{"line":12,"column":32}},"line":7},"1":{"name":"Object.<anonymous>.exports.ButtonElement","decl":{"start":{"line":13,"column":12},"end":{"line":18,"column":33}},"loc":{"start":{"line":13,"column":12},"end":{"line":18,"column":33}},"line":13},"2":{"name":"Object.<anonymous>.exports.ButtonElement","decl":{"start":{"line":19,"column":13},"end":{"line":20,"column":77}},"loc":{"start":{"line":19,"column":13},"end":{"line":20,"column":77}},"line":19},"3":{"name":"Object.<anonymous>.exports.ButtonElement","decl":{"start":{"line":21,"column":22},"end":{"line":22,"column":70}},"loc":{"start":{"line":21,"column":22},"end":{"line":22,"column":70}},"line":21},"4":{"name":"Object.<anonymous>.exports.ButtonElement","decl":{"start":{"line":23,"column":12},"end":{"line":26,"column":85}},"loc":{"start":{"line":23,"column":12},"end":{"line":26,"column":85}},"line":23},"5":{"name":"Object.<anonymous>.exports.ButtonElement","decl":{"start":{"line":27,"column":11},"end":{"line":30,"column":86}},"loc":{"start":{"line":27,"column":11},"end":{"line":30,"column":86}},"line":27},"6":{"name":"Object.<anonymous>.exports.ButtonElement","decl":{"start":{"line":34,"column":12},"end":{"line":34,"column":28}},"loc":{"start":{"line":34,"column":12},"end":{"line":34,"column":28}},"line":34},"7":{"name":"Object.<anonymous>.exports.ButtonElement","decl":{"start":{"line":40,"column":15},"end":{"line":43,"column":44}},"loc":{"start":{"line":40,"column":15},"end":{"line":43,"column":44}},"line":40},"8":{"name":"Object.<anonymous>.exports.OrangeButtonElement","decl":{"start":{"line":118,"column":22},"end":{"line":119,"column":72}},"loc":{"start":{"line":118,"column":22},"end":{"line":119,"column":72}},"line":118}},"f":{"0":3,"1":3,"2":3,"3":3,"4":3,"5":3,"6":3,"7":3,"8":1}}
,"/Users/willi/Documents/Proyectos/React/components-library/src/components/Button/Button.tsx": {"path":"/Users/willi/Documents/Proyectos/React/components-library/src/components/Button/Button.tsx","all":false,"statementMap":{"0":{"start":{"line":1,"column":0},"end":{"line":1,"column":31}},"1":{"start":{"line":2,"column":0},"end":{"line":2,"column":61}},"2":{"start":{"line":3,"column":0},"end":{"line":3,"column":8}},"3":{"start":{"line":4,"column":0},"end":{"line":4,"column":16}},"4":{"start":{"line":5,"column":0},"end":{"line":5,"column":16}},"5":{"start":{"line":6,"column":0},"end":{"line":6,"column":22}},"6":{"start":{"line":7,"column":0},"end":{"line":7,"column":25}},"7":{"start":{"line":8,"column":0},"end":{"line":8,"column":33}},"8":{"start":{"line":9,"column":0},"end":{"line":9,"column":0}},"9":{"start":{"line":10,"column":0},"end":{"line":10,"column":55}},"10":{"start":{"line":11,"column":0},"end":{"line":11,"column":48}},"11":{"start":{"line":12,"column":0},"end":{"line":12,"column":10}},"12":{"start":{"line":13,"column":0},"end":{"line":13,"column":22}},"13":{"start":{"line":14,"column":0},"end":{"line":14,"column":36}},"14":{"start":{"line":15,"column":0},"end":{"line":15,"column":47}},"15":{"start":{"line":16,"column":0},"end":{"line":16,"column":55}},"16":{"start":{"line":17,"column":0},"end":{"line":17,"column":13}},"17":{"start":{"line":18,"column":0},"end":{"line":18,"column":4}},"18":{"start":{"line":19,"column":0},"end":{"line":19,"column":2}},"19":{"start":{"line":20,"column":0},"end":{"line":20,"column":0}},"20":{"start":{"line":21,"column":0},"end":{"line":21,"column":39}},"21":{"start":{"line":22,"column":0},"end":{"line":22,"column":28}},"22":{"start":{"line":23,"column":0},"end":{"line":23,"column":61}},"23":{"start":{"line":24,"column":0},"end":{"line":24,"column":2}},"24":{"start":{"line":25,"column":0},"end":{"line":25,"column":0}},"25":{"start":{"line":26,"column":0},"end":{"line":26,"column":45}},"26":{"start":{"line":27,"column":0},"end":{"line":27,"column":28}},"27":{"start":{"line":28,"column":0},"end":{"line":28,"column":73}},"28":{"start":{"line":29,"column":0},"end":{"line":29,"column":2}},"29":{"start":{"line":30,"column":0},"end":{"line":30,"column":0}},"30":{"start":{"line":31,"column":0},"end":{"line":31,"column":48}}},"s":{"0":1,"1":1,"2":1,"3":1,"4":1,"5":1,"6":1,"7":1,"8":1,"9":1,"10":1,"11":1,"12":1,"13":1,"14":1,"15":1,"16":1,"17":1,"18":1,"19":1,"20":1,"21":2,"22":2,"23":2,"24":1,"25":1,"26":1,"27":1,"28":1,"29":1,"30":1},"branchMap":{"0":{"type":"branch","line":10,"loc":{"start":{"line":10,"column":23},"end":{"line":19,"column":2}},"locations":[{"start":{"line":10,"column":23},"end":{"line":19,"column":2}}]},"1":{"type":"branch","line":21,"loc":{"start":{"line":21,"column":15},"end":{"line":24,"column":2}},"locations":[{"start":{"line":21,"column":15},"end":{"line":24,"column":2}}]},"2":{"type":"branch","line":26,"loc":{"start":{"line":26,"column":21},"end":{"line":29,"column":2}},"locations":[{"start":{"line":26,"column":21},"end":{"line":29,"column":2}}]}},"b":{"0":[1],"1":[2],"2":[1]},"fnMap":{"0":{"name":"ButtonWithIcon","decl":{"start":{"line":10,"column":23},"end":{"line":19,"column":2}},"loc":{"start":{"line":10,"column":23},"end":{"line":19,"column":2}},"line":10},"1":{"name":"Button","decl":{"start":{"line":21,"column":15},"end":{"line":24,"column":2}},"loc":{"start":{"line":21,"column":15},"end":{"line":24,"column":2}},"line":21},"2":{"name":"OrangeButton","decl":{"start":{"line":26,"column":21},"end":{"line":29,"column":2}},"loc":{"start":{"line":26,"column":21},"end":{"line":29,"column":2}},"line":26}},"f":{"0":1,"1":2,"2":1}}
,"/Users/willi/Documents/Proyectos/React/components-library/src/components/Icon/Icons.tsx": {"path":"/Users/willi/Documents/Proyectos/React/components-library/src/components/Icon/Icons.tsx","all":false,"statementMap":{"0":{"start":{"line":1,"column":0},"end":{"line":1,"column":26}},"1":{"start":{"line":2,"column":0},"end":{"line":2,"column":39}},"2":{"start":{"line":3,"column":0},"end":{"line":3,"column":47}},"3":{"start":{"line":4,"column":0},"end":{"line":4,"column":0}},"4":{"start":{"line":5,"column":0},"end":{"line":5,"column":15}},"5":{"start":{"line":6,"column":0},"end":{"line":6,"column":17}},"6":{"start":{"line":7,"column":0},"end":{"line":7,"column":2}},"7":{"start":{"line":8,"column":0},"end":{"line":8,"column":0}},"8":{"start":{"line":9,"column":0},"end":{"line":9,"column":35}},"9":{"start":{"line":10,"column":0},"end":{"line":10,"column":0}},"10":{"start":{"line":11,"column":0},"end":{"line":11,"column":21}},"11":{"start":{"line":12,"column":0},"end":{"line":12,"column":18}},"12":{"start":{"line":13,"column":0},"end":{"line":13,"column":13}},"13":{"start":{"line":14,"column":0},"end":{"line":14,"column":1}},"14":{"start":{"line":15,"column":0},"end":{"line":15,"column":0}},"15":{"start":{"line":16,"column":0},"end":{"line":16,"column":30}},"16":{"start":{"line":17,"column":0},"end":{"line":17,"column":22}},"17":{"start":{"line":18,"column":0},"end":{"line":18,"column":1}},"18":{"start":{"line":19,"column":0},"end":{"line":19,"column":0}},"19":{"start":{"line":20,"column":0},"end":{"line":20,"column":53}},"20":{"start":{"line":21,"column":0},"end":{"line":21,"column":41}},"21":{"start":{"line":22,"column":0},"end":{"line":22,"column":15}},"22":{"start":{"line":23,"column":0},"end":{"line":23,"column":16}},"23":{"start":{"line":24,"column":0},"end":{"line":24,"column":26}},"24":{"start":{"line":25,"column":0},"end":{"line":25,"column":22}},"25":{"start":{"line":26,"column":0},"end":{"line":26,"column":2}},"26":{"start":{"line":27,"column":0},"end":{"line":27,"column":0}},"27":{"start":{"line":28,"column":0},"end":{"line":28,"column":33}},"28":{"start":{"line":29,"column":0},"end":{"line":29,"column":12}},"29":{"start":{"line":30,"column":0},"end":{"line":30,"column":13}},"30":{"start":{"line":31,"column":0},"end":{"line":31,"column":16}},"31":{"start":{"line":32,"column":0},"end":{"line":32,"column":2}},"32":{"start":{"line":33,"column":0},"end":{"line":33,"column":0}},"33":{"start":{"line":34,"column":0},"end":{"line":34,"column":63}},"34":{"start":{"line":35,"column":0},"end":{"line":35,"column":31}},"35":{"start":{"line":36,"column":0},"end":{"line":36,"column":10}},"36":{"start":{"line":37,"column":0},"end":{"line":37,"column":36}},"37":{"start":{"line":38,"column":0},"end":{"line":38,"column":35}},"38":{"start":{"line":39,"column":0},"end":{"line":39,"column":20}},"39":{"start":{"line":40,"column":0},"end":{"line":40,"column":4}},"40":{"start":{"line":41,"column":0},"end":{"line":41,"column":2}},"41":{"start":{"line":42,"column":0},"end":{"line":42,"column":0}},"42":{"start":{"line":43,"column":0},"end":{"line":43,"column":20}}},"s":{"0":1,"1":1,"2":1,"3":1,"4":1,"5":1,"6":1,"7":1,"8":1,"9":1,"10":1,"11":1,"12":1,"13":1,"14":1,"15":1,"16":1,"17":1,"18":1,"19":1,"20":1,"21":1,"22":1,"23":1,"24":1,"25":1,"26":1,"27":1,"28":1,"29":1,"30":1,"31":1,"32":1,"33":1,"34":2,"35":2,"36":2,"37":2,"38":2,"39":2,"40":2,"41":1,"42":1},"branchMap":{"0":{"type":"branch","line":21,"loc":{"start":{"line":21,"column":11},"end":{"line":21,"column":27}},"locations":[{"start":{"line":21,"column":11},"end":{"line":21,"column":27}}]},"1":{"type":"branch","line":34,"loc":{"start":{"line":34,"column":34},"end":{"line":41,"column":2}},"locations":[{"start":{"line":34,"column":34},"end":{"line":41,"column":2}}]},"2":{"type":"branch","line":34,"loc":{"start":{"line":34,"column":42},"end":{"line":34,"column":51}},"locations":[{"start":{"line":34,"column":42},"end":{"line":34,"column":51}}]}},"b":{"0":[2],"1":[2],"2":[0]},"fnMap":{"0":{"name":"Icon","decl":{"start":{"line":34,"column":34},"end":{"line":41,"column":2}},"loc":{"start":{"line":34,"column":34},"end":{"line":41,"column":2}},"line":34}},"f":{"0":2}}
,"/Users/willi/Documents/Proyectos/React/components-library/src/parameters/colors.ts": {"path":"/Users/willi/Documents/Proyectos/React/components-library/src/parameters/colors.ts","all":false,"statementMap":{"0":{"start":{"line":1,"column":0},"end":{"line":1,"column":30}},"1":{"start":{"line":2,"column":0},"end":{"line":2,"column":21}},"2":{"start":{"line":3,"column":0},"end":{"line":3,"column":23}},"3":{"start":{"line":4,"column":0},"end":{"line":4,"column":22}},"4":{"start":{"line":5,"column":0},"end":{"line":5,"column":24}},"5":{"start":{"line":6,"column":0},"end":{"line":6,"column":22}},"6":{"start":{"line":7,"column":0},"end":{"line":7,"column":28}},"7":{"start":{"line":8,"column":0},"end":{"line":8,"column":26}},"8":{"start":{"line":9,"column":0},"end":{"line":9,"column":28}},"9":{"start":{"line":10,"column":0},"end":{"line":10,"column":27}},"10":{"start":{"line":11,"column":0},"end":{"line":11,"column":2}}},"s":{"0":1,"1":1,"2":1,"3":1,"4":1,"5":1,"6":1,"7":1,"8":1,"9":1,"10":1},"branchMap":{},"b":{},"fnMap":{},"f":{}}
,"/Users/willi/Documents/Proyectos/React/components-library/src/parameters/sizes.ts": {"path":"/Users/willi/Documents/Proyectos/React/components-library/src/parameters/sizes.ts","all":false,"statementMap":{"0":{"start":{"line":1,"column":0},"end":{"line":1,"column":28}},"1":{"start":{"line":2,"column":0},"end":{"line":2,"column":7}},"2":{"start":{"line":3,"column":0},"end":{"line":3,"column":18}},"3":{"start":{"line":4,"column":0},"end":{"line":4,"column":21}},"4":{"start":{"line":5,"column":0},"end":{"line":5,"column":27}},"5":{"start":{"line":6,"column":0},"end":{"line":6,"column":23}},"6":{"start":{"line":7,"column":0},"end":{"line":7,"column":19}},"7":{"start":{"line":8,"column":0},"end":{"line":8,"column":4}},"8":{"start":{"line":9,"column":0},"end":{"line":9,"column":7}},"9":{"start":{"line":10,"column":0},"end":{"line":10,"column":18}},"10":{"start":{"line":11,"column":0},"end":{"line":11,"column":21}},"11":{"start":{"line":12,"column":0},"end":{"line":12,"column":27}},"12":{"start":{"line":13,"column":0},"end":{"line":13,"column":23}},"13":{"start":{"line":14,"column":0},"end":{"line":14,"column":19}},"14":{"start":{"line":15,"column":0},"end":{"line":15,"column":4}},"15":{"start":{"line":16,"column":0},"end":{"line":16,"column":7}},"16":{"start":{"line":17,"column":0},"end":{"line":17,"column":19}},"17":{"start":{"line":18,"column":0},"end":{"line":18,"column":21}},"18":{"start":{"line":19,"column":0},"end":{"line":19,"column":27}},"19":{"start":{"line":20,"column":0},"end":{"line":20,"column":23}},"20":{"start":{"line":21,"column":0},"end":{"line":21,"column":20}},"21":{"start":{"line":22,"column":0},"end":{"line":22,"column":4}},"22":{"start":{"line":23,"column":0},"end":{"line":23,"column":2}}},"s":{"0":1,"1":1,"2":1,"3":1,"4":1,"5":1,"6":1,"7":1,"8":1,"9":1,"10":1,"11":1,"12":1,"13":1,"14":1,"15":1,"16":1,"17":1,"18":1,"19":1,"20":1,"21":1,"22":1},"branchMap":{},"b":{},"fnMap":{},"f":{}}
}
