{"C:\\Proyectos\\components-library\\src\\styles.scss": {"path":"C:\\Proyectos\\components-library\\src\\styles.scss","all":false,"statementMap":{"0":{"start":{"line":1,"column":0},"end":{"line":1,"column":49}},"1":{"start":{"line":2,"column":0},"end":{"line":2,"column":47}},"2":{"start":{"line":3,"column":0},"end":{"line":3,"column":34}},"3":{"start":{"line":4,"column":0},"end":{"line":4,"column":53}},"4":{"start":{"line":5,"column":0},"end":{"line":5,"column":45}},"5":{"start":{"line":6,"column":0},"end":{"line":6,"column":47}},"6":{"start":{"line":7,"column":0},"end":{"line":7,"column":47}},"7":{"start":{"line":8,"column":0},"end":{"line":8,"column":48}},"8":{"start":{"line":9,"column":0},"end":{"line":9,"column":57}},"9":{"start":{"line":10,"column":0},"end":{"line":10,"column":49}},"10":{"start":{"line":11,"column":0},"end":{"line":11,"column":0}},"11":{"start":{"line":12,"column":0},"end":{"line":12,"column":7}},"12":{"start":{"line":13,"column":0},"end":{"line":13,"column":27}},"13":{"start":{"line":14,"column":0},"end":{"line":14,"column":0}},"14":{"start":{"line":15,"column":0},"end":{"line":15,"column":9}},"15":{"start":{"line":16,"column":0},"end":{"line":16,"column":23}},"16":{"start":{"line":17,"column":0},"end":{"line":17,"column":3}},"17":{"start":{"line":18,"column":0},"end":{"line":18,"column":0}},"18":{"start":{"line":19,"column":0},"end":{"line":19,"column":10}},"19":{"start":{"line":20,"column":0},"end":{"line":20,"column":24}},"20":{"start":{"line":21,"column":0},"end":{"line":21,"column":3}},"21":{"start":{"line":22,"column":0},"end":{"line":22,"column":1}},"22":{"start":{"line":23,"column":0},"end":{"line":23,"column":0}},"23":{"start":{"line":24,"column":0},"end":{"line":24,"column":3}},"24":{"start":{"line":25,"column":0},"end":{"line":25,"column":29}},"25":{"start":{"line":26,"column":0},"end":{"line":26,"column":1}},"26":{"start":{"line":27,"column":0},"end":{"line":27,"column":0}},"27":{"start":{"line":28,"column":0},"end":{"line":28,"column":8}},"28":{"start":{"line":29,"column":0},"end":{"line":29,"column":22}},"29":{"start":{"line":30,"column":0},"end":{"line":30,"column":1}},"30":{"start":{"line":31,"column":0},"end":{"line":31,"column":0}},"31":{"start":{"line":32,"column":0},"end":{"line":32,"column":7}},"32":{"start":{"line":33,"column":0},"end":{"line":33,"column":21}},"33":{"start":{"line":34,"column":0},"end":{"line":34,"column":1}}},"s":{"0":1,"1":1,"2":1,"3":1,"4":1,"5":1,"6":1,"7":1,"8":1,"9":1,"10":1,"11":1,"12":1,"13":1,"14":1,"15":1,"16":1,"17":1,"18":1,"19":1,"20":1,"21":1,"22":1,"23":1,"24":1,"25":1,"26":1,"27":1,"28":1,"29":1,"30":1,"31":1,"32":1,"33":1},"branchMap":{"0":{"type":"branch","line":1,"loc":{"start":{"line":1,"column":0},"end":{"line":1,"column":24}},"locations":[{"start":{"line":1,"column":0},"end":{"line":1,"column":24}}]},"1":{"type":"branch","line":1,"loc":{"start":{"line":1,"column":0},"end":{"line":1,"column":21}},"locations":[{"start":{"line":1,"column":0},"end":{"line":1,"column":21}}]}},"b":{"0":[9],"1":[9]},"fnMap":{"0":{"name":"Object.<anonymous>","decl":{"start":{"line":1,"column":0},"end":{"line":1,"column":21}},"loc":{"start":{"line":1,"column":0},"end":{"line":1,"column":21}},"line":1}},"f":{"0":9}}
,"C:\\Proyectos\\components-library\\src\\assets\\icons\\LeftArrowIcon.tsx": {"path":"C:\\Proyectos\\components-library\\src\\assets\\icons\\LeftArrowIcon.tsx","all":false,"statementMap":{"0":{"start":{"line":1,"column":0},"end":{"line":1,"column":26}},"1":{"start":{"line":2,"column":0},"end":{"line":2,"column":0}},"2":{"start":{"line":3,"column":0},"end":{"line":3,"column":71}},"3":{"start":{"line":4,"column":0},"end":{"line":4,"column":75}},"4":{"start":{"line":5,"column":0},"end":{"line":5,"column":182}},"5":{"start":{"line":6,"column":0},"end":{"line":6,"column":8}},"6":{"start":{"line":7,"column":0},"end":{"line":7,"column":2}},"7":{"start":{"line":8,"column":0},"end":{"line":8,"column":0}},"8":{"start":{"line":9,"column":0},"end":{"line":9,"column":25}}},"s":{"0":1,"1":1,"2":1,"3":1,"4":1,"5":1,"6":1,"7":1,"8":1},"branchMap":{"0":{"type":"branch","line":3,"loc":{"start":{"line":3,"column":59},"end":{"line":3,"column":71}},"locations":[{"start":{"line":3,"column":59},"end":{"line":3,"column":71}}]}},"b":{"0":[1]},"fnMap":{"0":{"name":"LeftArrow","decl":{"start":{"line":3,"column":59},"end":{"line":3,"column":71}},"loc":{"start":{"line":3,"column":59},"end":{"line":3,"column":71}},"line":3}},"f":{"0":1}}
,"C:\\Proyectos\\components-library\\src\\assets\\icons\\PlusIcon.tsx": {"path":"C:\\Proyectos\\components-library\\src\\assets\\icons\\PlusIcon.tsx","all":false,"statementMap":{"0":{"start":{"line":1,"column":0},"end":{"line":1,"column":26}},"1":{"start":{"line":2,"column":0},"end":{"line":2,"column":0}},"2":{"start":{"line":3,"column":0},"end":{"line":3,"column":70}},"3":{"start":{"line":4,"column":0},"end":{"line":4,"column":75}},"4":{"start":{"line":5,"column":0},"end":{"line":5,"column":218}},"5":{"start":{"line":6,"column":0},"end":{"line":6,"column":8}},"6":{"start":{"line":7,"column":0},"end":{"line":7,"column":2}},"7":{"start":{"line":8,"column":0},"end":{"line":8,"column":0}},"8":{"start":{"line":9,"column":0},"end":{"line":9,"column":24}}},"s":{"0":1,"1":1,"2":1,"3":1,"4":1,"5":1,"6":1,"7":1,"8":1},"branchMap":{"0":{"type":"branch","line":3,"loc":{"start":{"line":3,"column":58},"end":{"line":3,"column":70}},"locations":[{"start":{"line":3,"column":58},"end":{"line":3,"column":70}}]}},"b":{"0":[7]},"fnMap":{"0":{"name":"PlusIcon","decl":{"start":{"line":3,"column":58},"end":{"line":3,"column":70}},"loc":{"start":{"line":3,"column":58},"end":{"line":3,"column":70}},"line":3}},"f":{"0":7}}
,"C:\\Proyectos\\components-library\\src\\assets\\icons\\RightArrowIcon.tsx": {"path":"C:\\Proyectos\\components-library\\src\\assets\\icons\\RightArrowIcon.tsx","all":false,"statementMap":{"0":{"start":{"line":1,"column":0},"end":{"line":1,"column":26}},"1":{"start":{"line":2,"column":0},"end":{"line":2,"column":0}},"2":{"start":{"line":3,"column":0},"end":{"line":3,"column":72}},"3":{"start":{"line":4,"column":0},"end":{"line":4,"column":261}},"4":{"start":{"line":5,"column":0},"end":{"line":5,"column":2}},"5":{"start":{"line":6,"column":0},"end":{"line":6,"column":0}},"6":{"start":{"line":7,"column":0},"end":{"line":7,"column":26}}},"s":{"0":1,"1":1,"2":1,"3":1,"4":1,"5":1,"6":1},"branchMap":{"0":{"type":"branch","line":3,"loc":{"start":{"line":3,"column":60},"end":{"line":3,"column":72}},"locations":[{"start":{"line":3,"column":60},"end":{"line":3,"column":72}}]}},"b":{"0":[6]},"fnMap":{"0":{"name":"RightArrow","decl":{"start":{"line":3,"column":60},"end":{"line":3,"column":72}},"loc":{"start":{"line":3,"column":60},"end":{"line":3,"column":72}},"line":3}},"f":{"0":6}}
,"C:\\Proyectos\\components-library\\src\\components\\Alert\\Alert.tsx": {"path":"C:\\Proyectos\\components-library\\src\\components\\Alert\\Alert.tsx","all":false,"statementMap":{"0":{"start":{"line":1,"column":0},"end":{"line":1,"column":26}},"1":{"start":{"line":2,"column":0},"end":{"line":2,"column":23}},"2":{"start":{"line":3,"column":0},"end":{"line":3,"column":38}},"3":{"start":{"line":4,"column":0},"end":{"line":4,"column":0}},"4":{"start":{"line":5,"column":0},"end":{"line":5,"column":60}},"5":{"start":{"line":6,"column":0},"end":{"line":6,"column":19}},"6":{"start":{"line":7,"column":0},"end":{"line":7,"column":17}},"7":{"start":{"line":8,"column":0},"end":{"line":8,"column":15}},"8":{"start":{"line":9,"column":0},"end":{"line":9,"column":15}},"9":{"start":{"line":10,"column":0},"end":{"line":10,"column":4}},"10":{"start":{"line":11,"column":0},"end":{"line":11,"column":0}},"11":{"start":{"line":12,"column":0},"end":{"line":12,"column":10}},"12":{"start":{"line":13,"column":0},"end":{"line":13,"column":43}},"13":{"start":{"line":14,"column":0},"end":{"line":14,"column":57}},"14":{"start":{"line":15,"column":0},"end":{"line":15,"column":54}},"15":{"start":{"line":16,"column":0},"end":{"line":16,"column":10}},"16":{"start":{"line":17,"column":0},"end":{"line":17,"column":4}},"17":{"start":{"line":18,"column":0},"end":{"line":18,"column":2}},"18":{"start":{"line":19,"column":0},"end":{"line":19,"column":0}},"19":{"start":{"line":20,"column":0},"end":{"line":20,"column":17}}},"s":{"0":1,"1":1,"2":1,"3":1,"4":1,"5":3,"6":3,"7":3,"8":3,"9":3,"10":3,"11":3,"12":3,"13":3,"14":3,"15":3,"16":3,"17":3,"18":1,"19":1},"branchMap":{"0":{"type":"branch","line":5,"loc":{"start":{"line":5,"column":36},"end":{"line":18,"column":2}},"locations":[{"start":{"line":5,"column":36},"end":{"line":18,"column":2}}]}},"b":{"0":[3]},"fnMap":{"0":{"name":"Alert","decl":{"start":{"line":5,"column":36},"end":{"line":18,"column":2}},"loc":{"start":{"line":5,"column":36},"end":{"line":18,"column":2}},"line":5}},"f":{"0":3}}
,"C:\\Proyectos\\components-library\\src\\components\\Arrow\\Arrow.tsx": {"path":"C:\\Proyectos\\components-library\\src\\components\\Arrow\\Arrow.tsx","all":false,"statementMap":{"0":{"start":{"line":1,"column":0},"end":{"line":1,"column":26}},"1":{"start":{"line":2,"column":0},"end":{"line":2,"column":23}},"2":{"start":{"line":3,"column":0},"end":{"line":3,"column":38}},"3":{"start":{"line":4,"column":0},"end":{"line":4,"column":33}},"4":{"start":{"line":5,"column":0},"end":{"line":5,"column":0}},"5":{"start":{"line":6,"column":0},"end":{"line":6,"column":72}},"6":{"start":{"line":7,"column":0},"end":{"line":7,"column":10}},"7":{"start":{"line":8,"column":0},"end":{"line":8,"column":69}},"8":{"start":{"line":9,"column":0},"end":{"line":9,"column":31}},"9":{"start":{"line":10,"column":0},"end":{"line":10,"column":43}},"10":{"start":{"line":11,"column":0},"end":{"line":11,"column":11}},"11":{"start":{"line":12,"column":0},"end":{"line":12,"column":43}},"12":{"start":{"line":13,"column":0},"end":{"line":13,"column":8}},"13":{"start":{"line":14,"column":0},"end":{"line":14,"column":13}},"14":{"start":{"line":15,"column":0},"end":{"line":15,"column":4}},"15":{"start":{"line":16,"column":0},"end":{"line":16,"column":2}}},"s":{"0":1,"1":1,"2":1,"3":1,"4":1,"5":1,"6":2,"7":2,"8":2,"9":1,"10":2,"11":1,"12":2,"13":2,"14":2,"15":2},"branchMap":{"0":{"type":"branch","line":6,"loc":{"start":{"line":6,"column":43},"end":{"line":16,"column":2}},"locations":[{"start":{"line":6,"column":43},"end":{"line":16,"column":2}}]},"1":{"type":"branch","line":9,"loc":{"start":{"line":9,"column":28},"end":{"line":10,"column":43}},"locations":[{"start":{"line":9,"column":28},"end":{"line":10,"column":43}}]},"2":{"type":"branch","line":11,"loc":{"start":{"line":11,"column":8},"end":{"line":12,"column":43}},"locations":[{"start":{"line":11,"column":8},"end":{"line":12,"column":43}}]}},"b":{"0":[2],"1":[1],"2":[1]},"fnMap":{"0":{"name":"Arrow","decl":{"start":{"line":6,"column":43},"end":{"line":16,"column":2}},"loc":{"start":{"line":6,"column":43},"end":{"line":16,"column":2}},"line":6}},"f":{"0":2}}
,"C:\\Proyectos\\components-library\\src\\components\\Breadcrumb\\Breadcrumb.tsx": {"path":"C:\\Proyectos\\components-library\\src\\components\\Breadcrumb\\Breadcrumb.tsx","all":false,"statementMap":{"0":{"start":{"line":1,"column":0},"end":{"line":1,"column":26}},"1":{"start":{"line":2,"column":0},"end":{"line":2,"column":23}},"2":{"start":{"line":3,"column":0},"end":{"line":3,"column":33}},"3":{"start":{"line":4,"column":0},"end":{"line":4,"column":64}},"4":{"start":{"line":5,"column":0},"end":{"line":5,"column":0}},"5":{"start":{"line":6,"column":0},"end":{"line":6,"column":62}},"6":{"start":{"line":7,"column":0},"end":{"line":7,"column":10}},"7":{"start":{"line":8,"column":0},"end":{"line":8,"column":66}},"8":{"start":{"line":9,"column":0},"end":{"line":9,"column":38}},"9":{"start":{"line":10,"column":0},"end":{"line":10,"column":37}},"10":{"start":{"line":11,"column":0},"end":{"line":11,"column":54}},"11":{"start":{"line":12,"column":0},"end":{"line":12,"column":27}},"12":{"start":{"line":13,"column":0},"end":{"line":13,"column":47}},"13":{"start":{"line":14,"column":0},"end":{"line":14,"column":53}},"14":{"start":{"line":15,"column":0},"end":{"line":15,"column":20}},"15":{"start":{"line":16,"column":0},"end":{"line":16,"column":14}},"16":{"start":{"line":17,"column":0},"end":{"line":17,"column":43}},"17":{"start":{"line":18,"column":0},"end":{"line":18,"column":70}},"18":{"start":{"line":19,"column":0},"end":{"line":19,"column":17}},"19":{"start":{"line":20,"column":0},"end":{"line":20,"column":69}},"20":{"start":{"line":21,"column":0},"end":{"line":21,"column":28}},"21":{"start":{"line":22,"column":0},"end":{"line":22,"column":18}},"22":{"start":{"line":23,"column":0},"end":{"line":23,"column":14}},"23":{"start":{"line":24,"column":0},"end":{"line":24,"column":15}},"24":{"start":{"line":25,"column":0},"end":{"line":25,"column":11}},"25":{"start":{"line":26,"column":0},"end":{"line":26,"column":11}},"26":{"start":{"line":27,"column":0},"end":{"line":27,"column":10}},"27":{"start":{"line":28,"column":0},"end":{"line":28,"column":4}},"28":{"start":{"line":29,"column":0},"end":{"line":29,"column":2}},"29":{"start":{"line":30,"column":0},"end":{"line":30,"column":0}},"30":{"start":{"line":31,"column":0},"end":{"line":31,"column":22}}},"s":{"0":1,"1":1,"2":1,"3":1,"4":1,"5":1,"6":3,"7":3,"8":3,"9":3,"10":3,"11":3,"12":5,"13":5,"14":5,"15":3,"16":3,"17":3,"18":3,"19":5,"20":5,"21":5,"22":3,"23":3,"24":3,"25":3,"26":3,"27":3,"28":3,"29":1,"30":1},"branchMap":{"0":{"type":"branch","line":6,"loc":{"start":{"line":6,"column":46},"end":{"line":29,"column":2}},"locations":[{"start":{"line":6,"column":46},"end":{"line":29,"column":2}}]},"1":{"type":"branch","line":10,"loc":{"start":{"line":10,"column":19},"end":{"line":10,"column":37}},"locations":[{"start":{"line":10,"column":19},"end":{"line":10,"column":37}}]},"2":{"type":"branch","line":12,"loc":{"start":{"line":12,"column":22},"end":{"line":15,"column":20}},"locations":[{"start":{"line":12,"column":22},"end":{"line":15,"column":20}}]},"3":{"type":"branch","line":17,"loc":{"start":{"line":17,"column":40},"end":{"line":18,"column":70}},"locations":[{"start":{"line":17,"column":40},"end":{"line":18,"column":70}}]},"4":{"type":"branch","line":19,"loc":{"start":{"line":19,"column":14},"end":{"line":22,"column":18}},"locations":[{"start":{"line":19,"column":14},"end":{"line":22,"column":18}}]},"5":{"type":"branch","line":20,"loc":{"start":{"line":20,"column":32},"end":{"line":20,"column":39}},"locations":[{"start":{"line":20,"column":32},"end":{"line":20,"column":39}}]}},"b":{"0":[3],"1":[8],"2":[5],"3":[3],"4":[5],"5":[0]},"fnMap":{"0":{"name":"Breadcrumb","decl":{"start":{"line":6,"column":46},"end":{"line":29,"column":2}},"loc":{"start":{"line":6,"column":46},"end":{"line":29,"column":2}},"line":6}},"f":{"0":3}}
,"C:\\Proyectos\\components-library\\src\\components\\Button\\Button.tsx": {"path":"C:\\Proyectos\\components-library\\src\\components\\Button\\Button.tsx","all":false,"statementMap":{"0":{"start":{"line":1,"column":0},"end":{"line":1,"column":31}},"1":{"start":{"line":2,"column":0},"end":{"line":2,"column":61}},"2":{"start":{"line":3,"column":0},"end":{"line":3,"column":33}},"3":{"start":{"line":4,"column":0},"end":{"line":4,"column":23}},"4":{"start":{"line":5,"column":0},"end":{"line":5,"column":0}},"5":{"start":{"line":6,"column":0},"end":{"line":6,"column":39}},"6":{"start":{"line":7,"column":0},"end":{"line":7,"column":67}},"7":{"start":{"line":8,"column":0},"end":{"line":8,"column":0}},"8":{"start":{"line":9,"column":0},"end":{"line":9,"column":25}},"9":{"start":{"line":10,"column":0},"end":{"line":10,"column":13}},"10":{"start":{"line":11,"column":0},"end":{"line":11,"column":22}},"11":{"start":{"line":12,"column":0},"end":{"line":12,"column":31}},"12":{"start":{"line":13,"column":0},"end":{"line":13,"column":25}},"13":{"start":{"line":14,"column":0},"end":{"line":14,"column":3}},"14":{"start":{"line":15,"column":0},"end":{"line":15,"column":20}},"15":{"start":{"line":16,"column":0},"end":{"line":16,"column":15}},"16":{"start":{"line":17,"column":0},"end":{"line":17,"column":0}},"17":{"start":{"line":18,"column":0},"end":{"line":18,"column":10}},"18":{"start":{"line":19,"column":0},"end":{"line":19,"column":48}},"19":{"start":{"line":20,"column":0},"end":{"line":20,"column":16}},"20":{"start":{"line":21,"column":0},"end":{"line":21,"column":13}},"21":{"start":{"line":22,"column":0},"end":{"line":22,"column":4}},"22":{"start":{"line":23,"column":0},"end":{"line":23,"column":2}},"23":{"start":{"line":24,"column":0},"end":{"line":24,"column":0}},"24":{"start":{"line":25,"column":0},"end":{"line":25,"column":55}},"25":{"start":{"line":26,"column":0},"end":{"line":26,"column":74}},"26":{"start":{"line":27,"column":0},"end":{"line":27,"column":0}},"27":{"start":{"line":28,"column":0},"end":{"line":28,"column":25}},"28":{"start":{"line":29,"column":0},"end":{"line":29,"column":13}},"29":{"start":{"line":30,"column":0},"end":{"line":30,"column":22}},"30":{"start":{"line":31,"column":0},"end":{"line":31,"column":31}},"31":{"start":{"line":32,"column":0},"end":{"line":32,"column":25}},"32":{"start":{"line":33,"column":0},"end":{"line":33,"column":3}},"33":{"start":{"line":34,"column":0},"end":{"line":34,"column":20}},"34":{"start":{"line":35,"column":0},"end":{"line":35,"column":15}},"35":{"start":{"line":36,"column":0},"end":{"line":36,"column":0}},"36":{"start":{"line":37,"column":0},"end":{"line":37,"column":10}},"37":{"start":{"line":38,"column":0},"end":{"line":38,"column":48}},"38":{"start":{"line":39,"column":0},"end":{"line":39,"column":67}},"39":{"start":{"line":40,"column":0},"end":{"line":40,"column":53}},"40":{"start":{"line":41,"column":0},"end":{"line":41,"column":26}},"41":{"start":{"line":42,"column":0},"end":{"line":42,"column":69}},"42":{"start":{"line":43,"column":0},"end":{"line":43,"column":8}},"43":{"start":{"line":44,"column":0},"end":{"line":44,"column":13}},"44":{"start":{"line":45,"column":0},"end":{"line":45,"column":4}},"45":{"start":{"line":46,"column":0},"end":{"line":46,"column":2}},"46":{"start":{"line":47,"column":0},"end":{"line":47,"column":0}},"47":{"start":{"line":48,"column":0},"end":{"line":48,"column":45}},"48":{"start":{"line":49,"column":0},"end":{"line":49,"column":67}},"49":{"start":{"line":50,"column":0},"end":{"line":50,"column":0}},"50":{"start":{"line":51,"column":0},"end":{"line":51,"column":25}},"51":{"start":{"line":52,"column":0},"end":{"line":52,"column":13}},"52":{"start":{"line":53,"column":0},"end":{"line":53,"column":29}},"53":{"start":{"line":54,"column":0},"end":{"line":54,"column":31}},"54":{"start":{"line":55,"column":0},"end":{"line":55,"column":25}},"55":{"start":{"line":56,"column":0},"end":{"line":56,"column":3}},"56":{"start":{"line":57,"column":0},"end":{"line":57,"column":20}},"57":{"start":{"line":58,"column":0},"end":{"line":58,"column":15}},"58":{"start":{"line":59,"column":0},"end":{"line":59,"column":0}},"59":{"start":{"line":60,"column":0},"end":{"line":60,"column":10}},"60":{"start":{"line":61,"column":0},"end":{"line":61,"column":48}},"61":{"start":{"line":62,"column":0},"end":{"line":62,"column":16}},"62":{"start":{"line":63,"column":0},"end":{"line":63,"column":13}},"63":{"start":{"line":64,"column":0},"end":{"line":64,"column":4}},"64":{"start":{"line":65,"column":0},"end":{"line":65,"column":2}},"65":{"start":{"line":66,"column":0},"end":{"line":66,"column":48}}},"s":{"0":1,"1":1,"2":1,"3":1,"4":1,"5":1,"6":5,"7":5,"8":5,"9":5,"10":5,"11":5,"12":5,"13":5,"14":5,"15":5,"16":5,"17":5,"18":5,"19":5,"20":5,"21":5,"22":5,"23":1,"24":1,"25":4,"26":4,"27":4,"28":4,"29":4,"30":4,"31":4,"32":4,"33":4,"34":4,"35":4,"36":4,"37":4,"38":4,"39":4,"40":4,"41":1,"42":4,"43":4,"44":4,"45":4,"46":1,"47":1,"48":3,"49":3,"50":3,"51":3,"52":3,"53":3,"54":3,"55":3,"56":3,"57":3,"58":3,"59":3,"60":3,"61":3,"62":3,"63":3,"64":3,"65":1},"branchMap":{"0":{"type":"branch","line":6,"loc":{"start":{"line":6,"column":15},"end":{"line":23,"column":2}},"locations":[{"start":{"line":6,"column":15},"end":{"line":23,"column":2}}]},"1":{"type":"branch","line":7,"loc":{"start":{"line":7,"column":25},"end":{"line":7,"column":37}},"locations":[{"start":{"line":7,"column":25},"end":{"line":7,"column":37}}]},"2":{"type":"branch","line":7,"loc":{"start":{"line":7,"column":37},"end":{"line":7,"column":39}},"locations":[{"start":{"line":7,"column":37},"end":{"line":7,"column":39}}]},"3":{"type":"branch","line":12,"loc":{"start":{"line":12,"column":9},"end":{"line":12,"column":30}},"locations":[{"start":{"line":12,"column":9},"end":{"line":12,"column":30}}]},"4":{"type":"branch","line":13,"loc":{"start":{"line":13,"column":6},"end":{"line":13,"column":24}},"locations":[{"start":{"line":13,"column":6},"end":{"line":13,"column":24}}]},"5":{"type":"branch","line":25,"loc":{"start":{"line":25,"column":23},"end":{"line":46,"column":2}},"locations":[{"start":{"line":25,"column":23},"end":{"line":46,"column":2}}]},"6":{"type":"branch","line":26,"loc":{"start":{"line":26,"column":25},"end":{"line":26,"column":37}},"locations":[{"start":{"line":26,"column":25},"end":{"line":26,"column":37}}]},"7":{"type":"branch","line":26,"loc":{"start":{"line":26,"column":37},"end":{"line":26,"column":39}},"locations":[{"start":{"line":26,"column":37},"end":{"line":26,"column":39}}]},"8":{"type":"branch","line":31,"loc":{"start":{"line":31,"column":9},"end":{"line":31,"column":30}},"locations":[{"start":{"line":31,"column":9},"end":{"line":31,"column":30}}]},"9":{"type":"branch","line":32,"loc":{"start":{"line":32,"column":6},"end":{"line":32,"column":24}},"locations":[{"start":{"line":32,"column":6},"end":{"line":32,"column":24}}]},"10":{"type":"branch","line":41,"loc":{"start":{"line":41,"column":21},"end":{"line":42,"column":69}},"locations":[{"start":{"line":41,"column":21},"end":{"line":42,"column":69}}]},"11":{"type":"branch","line":48,"loc":{"start":{"line":48,"column":21},"end":{"line":65,"column":2}},"locations":[{"start":{"line":48,"column":21},"end":{"line":65,"column":2}}]},"12":{"type":"branch","line":49,"loc":{"start":{"line":49,"column":25},"end":{"line":49,"column":37}},"locations":[{"start":{"line":49,"column":25},"end":{"line":49,"column":37}}]},"13":{"type":"branch","line":49,"loc":{"start":{"line":49,"column":37},"end":{"line":49,"column":39}},"locations":[{"start":{"line":49,"column":37},"end":{"line":49,"column":39}}]},"14":{"type":"branch","line":54,"loc":{"start":{"line":54,"column":9},"end":{"line":54,"column":30}},"locations":[{"start":{"line":54,"column":9},"end":{"line":54,"column":30}}]},"15":{"type":"branch","line":55,"loc":{"start":{"line":55,"column":6},"end":{"line":55,"column":24}},"locations":[{"start":{"line":55,"column":6},"end":{"line":55,"column":24}}]}},"b":{"0":[5],"1":[4],"2":[1],"3":[1],"4":[1],"5":[4],"6":[3],"7":[1],"8":[3],"9":[0],"10":[1],"11":[3],"12":[2],"13":[1],"14":[1],"15":[1]},"fnMap":{"0":{"name":"Button","decl":{"start":{"line":6,"column":15},"end":{"line":23,"column":2}},"loc":{"start":{"line":6,"column":15},"end":{"line":23,"column":2}},"line":6},"1":{"name":"ButtonWithIcon","decl":{"start":{"line":25,"column":23},"end":{"line":46,"column":2}},"loc":{"start":{"line":25,"column":23},"end":{"line":46,"column":2}},"line":25},"2":{"name":"OrangeButton","decl":{"start":{"line":48,"column":21},"end":{"line":65,"column":2}},"loc":{"start":{"line":48,"column":21},"end":{"line":65,"column":2}},"line":48}},"f":{"0":5,"1":4,"2":3}}
,"C:\\Proyectos\\components-library\\src\\components\\Checkbox\\Checkbox.tsx": {"path":"C:\\Proyectos\\components-library\\src\\components\\Checkbox\\Checkbox.tsx","all":false,"statementMap":{"0":{"start":{"line":1,"column":0},"end":{"line":1,"column":26}},"1":{"start":{"line":2,"column":0},"end":{"line":2,"column":23}},"2":{"start":{"line":3,"column":0},"end":{"line":3,"column":44}},"3":{"start":{"line":4,"column":0},"end":{"line":4,"column":0}},"4":{"start":{"line":5,"column":0},"end":{"line":5,"column":51}},"5":{"start":{"line":6,"column":0},"end":{"line":6,"column":8}},"6":{"start":{"line":7,"column":0},"end":{"line":7,"column":10}},"7":{"start":{"line":8,"column":0},"end":{"line":8,"column":11}},"8":{"start":{"line":9,"column":0},"end":{"line":9,"column":19}},"9":{"start":{"line":10,"column":0},"end":{"line":10,"column":7}},"10":{"start":{"line":11,"column":0},"end":{"line":11,"column":10}},"11":{"start":{"line":12,"column":0},"end":{"line":12,"column":71}},"12":{"start":{"line":13,"column":0},"end":{"line":13,"column":12}},"13":{"start":{"line":14,"column":0},"end":{"line":14,"column":23}},"14":{"start":{"line":15,"column":0},"end":{"line":15,"column":25}},"15":{"start":{"line":16,"column":0},"end":{"line":16,"column":52}},"16":{"start":{"line":17,"column":0},"end":{"line":17,"column":27}},"17":{"start":{"line":18,"column":0},"end":{"line":18,"column":8}},"18":{"start":{"line":19,"column":0},"end":{"line":19,"column":47}},"19":{"start":{"line":20,"column":0},"end":{"line":20,"column":53}},"20":{"start":{"line":21,"column":0},"end":{"line":21,"column":12}},"21":{"start":{"line":22,"column":0},"end":{"line":22,"column":4}},"22":{"start":{"line":23,"column":0},"end":{"line":23,"column":2}}},"s":{"0":1,"1":1,"2":1,"3":1,"4":1,"5":4,"6":4,"7":4,"8":4,"9":4,"10":4,"11":4,"12":4,"13":4,"14":4,"15":4,"16":4,"17":4,"18":4,"19":4,"20":4,"21":4,"22":4},"branchMap":{"0":{"type":"branch","line":5,"loc":{"start":{"line":5,"column":49},"end":{"line":23,"column":2}},"locations":[{"start":{"line":5,"column":49},"end":{"line":23,"column":2}}]},"1":{"type":"branch","line":9,"loc":{"start":{"line":9,"column":10},"end":{"line":9,"column":18}},"locations":[{"start":{"line":9,"column":10},"end":{"line":9,"column":18}}]},"2":{"type":"branch","line":9,"loc":{"start":{"line":9,"column":18},"end":{"line":9,"column":19}},"locations":[{"start":{"line":9,"column":18},"end":{"line":9,"column":19}}]},"3":{"type":"branch","line":12,"loc":{"start":{"line":12,"column":50},"end":{"line":12,"column":62}},"locations":[{"start":{"line":12,"column":50},"end":{"line":12,"column":62}}]},"4":{"type":"branch","line":12,"loc":{"start":{"line":12,"column":63},"end":{"line":12,"column":67}},"locations":[{"start":{"line":12,"column":63},"end":{"line":12,"column":67}}]},"5":{"type":"branch","line":16,"loc":{"start":{"line":16,"column":18},"end":{"line":16,"column":33}},"locations":[{"start":{"line":16,"column":18},"end":{"line":16,"column":33}}]}},"b":{"0":[4],"1":[3],"2":[1],"3":[1],"4":[3],"5":[1]},"fnMap":{"0":{"name":"Checkbox","decl":{"start":{"line":5,"column":49},"end":{"line":23,"column":2}},"loc":{"start":{"line":5,"column":49},"end":{"line":23,"column":2}},"line":5},"1":{"name":"onChange","decl":{"start":{"line":16,"column":18},"end":{"line":16,"column":33}},"loc":{"start":{"line":16,"column":18},"end":{"line":16,"column":33}},"line":16}},"f":{"0":4,"1":1}}
,"C:\\Proyectos\\components-library\\src\\components\\Circle\\Circle.tsx": {"path":"C:\\Proyectos\\components-library\\src\\components\\Circle\\Circle.tsx","all":false,"statementMap":{"0":{"start":{"line":1,"column":0},"end":{"line":1,"column":26}},"1":{"start":{"line":2,"column":0},"end":{"line":2,"column":23}},"2":{"start":{"line":3,"column":0},"end":{"line":3,"column":40}},"3":{"start":{"line":4,"column":0},"end":{"line":4,"column":0}},"4":{"start":{"line":5,"column":0},"end":{"line":5,"column":40}},"5":{"start":{"line":6,"column":0},"end":{"line":6,"column":12}},"6":{"start":{"line":7,"column":0},"end":{"line":7,"column":17}},"7":{"start":{"line":8,"column":0},"end":{"line":8,"column":19}},"8":{"start":{"line":9,"column":0},"end":{"line":9,"column":7}},"9":{"start":{"line":10,"column":0},"end":{"line":10,"column":10}},"10":{"start":{"line":11,"column":0},"end":{"line":11,"column":8}},"11":{"start":{"line":12,"column":0},"end":{"line":12,"column":33}},"12":{"start":{"line":13,"column":0},"end":{"line":13,"column":74}},"13":{"start":{"line":14,"column":0},"end":{"line":14,"column":14}},"14":{"start":{"line":15,"column":0},"end":{"line":15,"column":27}},"15":{"start":{"line":16,"column":0},"end":{"line":16,"column":28}},"16":{"start":{"line":17,"column":0},"end":{"line":17,"column":8}},"17":{"start":{"line":18,"column":0},"end":{"line":18,"column":6}},"18":{"start":{"line":19,"column":0},"end":{"line":19,"column":4}},"19":{"start":{"line":20,"column":0},"end":{"line":20,"column":2}},"20":{"start":{"line":21,"column":0},"end":{"line":21,"column":0}},"21":{"start":{"line":22,"column":0},"end":{"line":22,"column":18}}},"s":{"0":1,"1":1,"2":1,"3":1,"4":1,"5":4,"6":4,"7":4,"8":4,"9":4,"10":4,"11":4,"12":4,"13":4,"14":4,"15":4,"16":4,"17":4,"18":4,"19":4,"20":1,"21":1},"branchMap":{"0":{"type":"branch","line":5,"loc":{"start":{"line":5,"column":38},"end":{"line":20,"column":2}},"locations":[{"start":{"line":5,"column":38},"end":{"line":20,"column":2}}]},"1":{"type":"branch","line":6,"loc":{"start":{"line":6,"column":6},"end":{"line":6,"column":11}},"locations":[{"start":{"line":6,"column":6},"end":{"line":6,"column":11}}]},"2":{"type":"branch","line":6,"loc":{"start":{"line":6,"column":11},"end":{"line":6,"column":12}},"locations":[{"start":{"line":6,"column":11},"end":{"line":6,"column":12}}]},"3":{"type":"branch","line":7,"loc":{"start":{"line":7,"column":11},"end":{"line":7,"column":16}},"locations":[{"start":{"line":7,"column":11},"end":{"line":7,"column":16}}]},"4":{"type":"branch","line":7,"loc":{"start":{"line":7,"column":16},"end":{"line":7,"column":17}},"locations":[{"start":{"line":7,"column":16},"end":{"line":7,"column":17}}]},"5":{"type":"branch","line":8,"loc":{"start":{"line":8,"column":10},"end":{"line":8,"column":18}},"locations":[{"start":{"line":8,"column":10},"end":{"line":8,"column":18}}]},"6":{"type":"branch","line":8,"loc":{"start":{"line":8,"column":18},"end":{"line":8,"column":19}},"locations":[{"start":{"line":8,"column":18},"end":{"line":8,"column":19}}]},"7":{"type":"branch","line":13,"loc":{"start":{"line":13,"column":43},"end":{"line":13,"column":53}},"locations":[{"start":{"line":13,"column":43},"end":{"line":13,"column":53}}]},"8":{"type":"branch","line":13,"loc":{"start":{"line":13,"column":54},"end":{"line":13,"column":58}},"locations":[{"start":{"line":13,"column":54},"end":{"line":13,"column":58}}]}},"b":{"0":[4],"1":[2],"2":[2],"3":[3],"4":[1],"5":[3],"6":[1],"7":[1],"8":[3]},"fnMap":{"0":{"name":"Circle","decl":{"start":{"line":5,"column":38},"end":{"line":20,"column":2}},"loc":{"start":{"line":5,"column":38},"end":{"line":20,"column":2}},"line":5}},"f":{"0":4}}
,"C:\\Proyectos\\components-library\\src\\components\\Icon\\Icons.tsx": {"path":"C:\\Proyectos\\components-library\\src\\components\\Icon\\Icons.tsx","all":false,"statementMap":{"0":{"start":{"line":1,"column":0},"end":{"line":1,"column":26}},"1":{"start":{"line":2,"column":0},"end":{"line":2,"column":47}},"2":{"start":{"line":3,"column":0},"end":{"line":3,"column":53}},"3":{"start":{"line":4,"column":0},"end":{"line":4,"column":55}},"4":{"start":{"line":5,"column":0},"end":{"line":5,"column":29}},"5":{"start":{"line":6,"column":0},"end":{"line":6,"column":0}},"6":{"start":{"line":7,"column":0},"end":{"line":7,"column":15}},"7":{"start":{"line":8,"column":0},"end":{"line":8,"column":17}},"8":{"start":{"line":9,"column":0},"end":{"line":9,"column":23}},"9":{"start":{"line":10,"column":0},"end":{"line":10,"column":25}},"10":{"start":{"line":11,"column":0},"end":{"line":11,"column":2}},"11":{"start":{"line":12,"column":0},"end":{"line":12,"column":0}},"12":{"start":{"line":13,"column":0},"end":{"line":13,"column":42}},"13":{"start":{"line":14,"column":0},"end":{"line":14,"column":0}},"14":{"start":{"line":15,"column":0},"end":{"line":15,"column":21}},"15":{"start":{"line":16,"column":0},"end":{"line":16,"column":18}},"16":{"start":{"line":17,"column":0},"end":{"line":17,"column":13}},"17":{"start":{"line":18,"column":0},"end":{"line":18,"column":21}},"18":{"start":{"line":19,"column":0},"end":{"line":19,"column":1}},"19":{"start":{"line":20,"column":0},"end":{"line":20,"column":0}},"20":{"start":{"line":21,"column":0},"end":{"line":21,"column":36}},"21":{"start":{"line":22,"column":0},"end":{"line":22,"column":17}},"22":{"start":{"line":23,"column":0},"end":{"line":23,"column":5}},"23":{"start":{"line":24,"column":0},"end":{"line":24,"column":17}},"24":{"start":{"line":25,"column":0},"end":{"line":25,"column":10}},"25":{"start":{"line":26,"column":0},"end":{"line":26,"column":7}},"26":{"start":{"line":27,"column":0},"end":{"line":27,"column":31}},"27":{"start":{"line":28,"column":0},"end":{"line":28,"column":10}},"28":{"start":{"line":29,"column":0},"end":{"line":29,"column":8}},"29":{"start":{"line":30,"column":0},"end":{"line":30,"column":47}},"30":{"start":{"line":31,"column":0},"end":{"line":31,"column":60}},"31":{"start":{"line":32,"column":0},"end":{"line":32,"column":16}},"32":{"start":{"line":33,"column":0},"end":{"line":33,"column":5}},"33":{"start":{"line":34,"column":0},"end":{"line":34,"column":45}},"34":{"start":{"line":35,"column":0},"end":{"line":35,"column":10}},"35":{"start":{"line":36,"column":0},"end":{"line":36,"column":4}},"36":{"start":{"line":37,"column":0},"end":{"line":37,"column":2}},"37":{"start":{"line":38,"column":0},"end":{"line":38,"column":0}},"38":{"start":{"line":39,"column":0},"end":{"line":39,"column":20}}},"s":{"0":1,"1":1,"2":1,"3":1,"4":1,"5":1,"6":1,"7":1,"8":1,"9":1,"10":1,"11":1,"12":1,"13":1,"14":1,"15":1,"16":1,"17":1,"18":1,"19":1,"20":1,"21":14,"22":14,"23":14,"24":14,"25":14,"26":14,"27":14,"28":14,"29":14,"30":14,"31":14,"32":14,"33":14,"34":14,"35":14,"36":14,"37":1,"38":1},"branchMap":{"0":{"type":"branch","line":21,"loc":{"start":{"line":21,"column":34},"end":{"line":37,"column":2}},"locations":[{"start":{"line":21,"column":34},"end":{"line":37,"column":2}}]},"1":{"type":"branch","line":22,"loc":{"start":{"line":22,"column":7},"end":{"line":22,"column":16}},"locations":[{"start":{"line":22,"column":7},"end":{"line":22,"column":16}}]},"2":{"type":"branch","line":24,"loc":{"start":{"line":24,"column":11},"end":{"line":24,"column":16}},"locations":[{"start":{"line":24,"column":11},"end":{"line":24,"column":16}}]},"3":{"type":"branch","line":24,"loc":{"start":{"line":24,"column":16},"end":{"line":24,"column":17}},"locations":[{"start":{"line":24,"column":16},"end":{"line":24,"column":17}}]}},"b":{"0":[14],"1":[0],"2":[12],"3":[2]},"fnMap":{"0":{"name":"Icon","decl":{"start":{"line":21,"column":34},"end":{"line":37,"column":2}},"loc":{"start":{"line":21,"column":34},"end":{"line":37,"column":2}},"line":21}},"f":{"0":14}}
,"C:\\Proyectos\\components-library\\src\\components\\Input\\Input.tsx": {"path":"C:\\Proyectos\\components-library\\src\\components\\Input\\Input.tsx","all":false,"statementMap":{"0":{"start":{"line":1,"column":0},"end":{"line":1,"column":26}},"1":{"start":{"line":2,"column":0},"end":{"line":2,"column":58}},"2":{"start":{"line":3,"column":0},"end":{"line":3,"column":23}},"3":{"start":{"line":4,"column":0},"end":{"line":4,"column":33}},"4":{"start":{"line":5,"column":0},"end":{"line":5,"column":8}},"5":{"start":{"line":6,"column":0},"end":{"line":6,"column":15}},"6":{"start":{"line":7,"column":0},"end":{"line":7,"column":17}},"7":{"start":{"line":8,"column":0},"end":{"line":8,"column":26}},"8":{"start":{"line":9,"column":0},"end":{"line":9,"column":77}},"9":{"start":{"line":10,"column":0},"end":{"line":10,"column":44}},"10":{"start":{"line":11,"column":0},"end":{"line":11,"column":0}},"11":{"start":{"line":12,"column":0},"end":{"line":12,"column":0}},"12":{"start":{"line":13,"column":0},"end":{"line":13,"column":42}},"13":{"start":{"line":14,"column":0},"end":{"line":14,"column":5}},"14":{"start":{"line":15,"column":0},"end":{"line":15,"column":5}},"15":{"start":{"line":16,"column":0},"end":{"line":16,"column":9}},"16":{"start":{"line":17,"column":0},"end":{"line":17,"column":12}},"17":{"start":{"line":18,"column":0},"end":{"line":18,"column":8}},"18":{"start":{"line":19,"column":0},"end":{"line":19,"column":19}},"19":{"start":{"line":20,"column":0},"end":{"line":20,"column":21}},"20":{"start":{"line":21,"column":0},"end":{"line":21,"column":21}},"21":{"start":{"line":22,"column":0},"end":{"line":22,"column":19}},"22":{"start":{"line":23,"column":0},"end":{"line":23,"column":19}},"23":{"start":{"line":24,"column":0},"end":{"line":24,"column":14}},"24":{"start":{"line":25,"column":0},"end":{"line":25,"column":11}},"25":{"start":{"line":26,"column":0},"end":{"line":26,"column":11}},"26":{"start":{"line":27,"column":0},"end":{"line":27,"column":13}},"27":{"start":{"line":28,"column":0},"end":{"line":28,"column":13}},"28":{"start":{"line":29,"column":0},"end":{"line":29,"column":7}},"29":{"start":{"line":30,"column":0},"end":{"line":30,"column":10}},"30":{"start":{"line":31,"column":0},"end":{"line":31,"column":16}},"31":{"start":{"line":32,"column":0},"end":{"line":32,"column":11}},"32":{"start":{"line":33,"column":0},"end":{"line":33,"column":13}},"33":{"start":{"line":34,"column":0},"end":{"line":34,"column":10}},"34":{"start":{"line":35,"column":0},"end":{"line":35,"column":7}},"35":{"start":{"line":36,"column":0},"end":{"line":36,"column":60}},"36":{"start":{"line":37,"column":0},"end":{"line":37,"column":65}},"37":{"start":{"line":38,"column":0},"end":{"line":38,"column":77}},"38":{"start":{"line":39,"column":0},"end":{"line":39,"column":0}},"39":{"start":{"line":40,"column":0},"end":{"line":40,"column":72}},"40":{"start":{"line":41,"column":0},"end":{"line":41,"column":4}},"41":{"start":{"line":42,"column":0},"end":{"line":42,"column":38}},"42":{"start":{"line":43,"column":0},"end":{"line":43,"column":0}},"43":{"start":{"line":44,"column":0},"end":{"line":44,"column":58}},"44":{"start":{"line":45,"column":0},"end":{"line":45,"column":32}},"45":{"start":{"line":46,"column":0},"end":{"line":46,"column":49}},"46":{"start":{"line":47,"column":0},"end":{"line":47,"column":5}},"47":{"start":{"line":48,"column":0},"end":{"line":48,"column":0}},"48":{"start":{"line":49,"column":0},"end":{"line":49,"column":23}},"49":{"start":{"line":50,"column":0},"end":{"line":50,"column":0}},"50":{"start":{"line":51,"column":0},"end":{"line":51,"column":48}},"51":{"start":{"line":52,"column":0},"end":{"line":52,"column":14}},"52":{"start":{"line":53,"column":0},"end":{"line":53,"column":28}},"53":{"start":{"line":54,"column":0},"end":{"line":54,"column":28}},"54":{"start":{"line":55,"column":0},"end":{"line":55,"column":15}},"55":{"start":{"line":56,"column":0},"end":{"line":56,"column":7}},"56":{"start":{"line":57,"column":0},"end":{"line":57,"column":0}},"57":{"start":{"line":58,"column":0},"end":{"line":58,"column":59}},"58":{"start":{"line":59,"column":0},"end":{"line":59,"column":32}},"59":{"start":{"line":60,"column":0},"end":{"line":60,"column":41}},"60":{"start":{"line":61,"column":0},"end":{"line":61,"column":0}},"61":{"start":{"line":62,"column":0},"end":{"line":62,"column":19}},"62":{"start":{"line":63,"column":0},"end":{"line":63,"column":87}},"63":{"start":{"line":64,"column":0},"end":{"line":64,"column":5}},"64":{"start":{"line":65,"column":0},"end":{"line":65,"column":4}},"65":{"start":{"line":66,"column":0},"end":{"line":66,"column":0}},"66":{"start":{"line":67,"column":0},"end":{"line":67,"column":77}},"67":{"start":{"line":68,"column":0},"end":{"line":68,"column":37}},"68":{"start":{"line":69,"column":0},"end":{"line":69,"column":13}},"69":{"start":{"line":70,"column":0},"end":{"line":70,"column":16}},"70":{"start":{"line":71,"column":0},"end":{"line":71,"column":15}},"71":{"start":{"line":72,"column":0},"end":{"line":72,"column":16}},"72":{"start":{"line":73,"column":0},"end":{"line":73,"column":15}},"73":{"start":{"line":74,"column":0},"end":{"line":74,"column":14}},"74":{"start":{"line":75,"column":0},"end":{"line":75,"column":18}},"75":{"start":{"line":76,"column":0},"end":{"line":76,"column":14}},"76":{"start":{"line":77,"column":0},"end":{"line":77,"column":20}},"77":{"start":{"line":78,"column":0},"end":{"line":78,"column":9}},"78":{"start":{"line":79,"column":0},"end":{"line":79,"column":0}},"79":{"start":{"line":80,"column":0},"end":{"line":80,"column":56}},"80":{"start":{"line":81,"column":0},"end":{"line":81,"column":28}},"81":{"start":{"line":82,"column":0},"end":{"line":82,"column":39}},"82":{"start":{"line":83,"column":0},"end":{"line":83,"column":14}},"83":{"start":{"line":84,"column":0},"end":{"line":84,"column":4}},"84":{"start":{"line":85,"column":0},"end":{"line":85,"column":1}},"85":{"start":{"line":86,"column":0},"end":{"line":86,"column":10}},"86":{"start":{"line":87,"column":0},"end":{"line":87,"column":8}},"87":{"start":{"line":88,"column":0},"end":{"line":88,"column":71}},"88":{"start":{"line":89,"column":0},"end":{"line":89,"column":14}},"89":{"start":{"line":90,"column":0},"end":{"line":90,"column":18}},"90":{"start":{"line":91,"column":0},"end":{"line":91,"column":19}},"91":{"start":{"line":92,"column":0},"end":{"line":92,"column":8}},"92":{"start":{"line":93,"column":0},"end":{"line":93,"column":5}},"93":{"start":{"line":94,"column":0},"end":{"line":94,"column":76}},"94":{"start":{"line":95,"column":0},"end":{"line":95,"column":39}},"95":{"start":{"line":96,"column":0},"end":{"line":96,"column":14}},"96":{"start":{"line":97,"column":0},"end":{"line":97,"column":21}},"97":{"start":{"line":98,"column":0},"end":{"line":98,"column":44}},"98":{"start":{"line":99,"column":0},"end":{"line":99,"column":24}},"99":{"start":{"line":100,"column":0},"end":{"line":100,"column":33}},"100":{"start":{"line":101,"column":0},"end":{"line":101,"column":29}},"101":{"start":{"line":102,"column":0},"end":{"line":102,"column":29}},"102":{"start":{"line":103,"column":0},"end":{"line":103,"column":29}},"103":{"start":{"line":104,"column":0},"end":{"line":104,"column":20}},"104":{"start":{"line":105,"column":0},"end":{"line":105,"column":10}},"105":{"start":{"line":106,"column":0},"end":{"line":106,"column":81}},"106":{"start":{"line":107,"column":0},"end":{"line":107,"column":12}},"107":{"start":{"line":108,"column":0},"end":{"line":108,"column":41}},"108":{"start":{"line":109,"column":0},"end":{"line":109,"column":61}},"109":{"start":{"line":110,"column":0},"end":{"line":110,"column":8}},"110":{"start":{"line":111,"column":0},"end":{"line":111,"column":81}},"111":{"start":{"line":112,"column":0},"end":{"line":112,"column":10}},"112":{"start":{"line":113,"column":0},"end":{"line":113,"column":4}},"113":{"start":{"line":114,"column":0},"end":{"line":114,"column":2}},"114":{"start":{"line":115,"column":0},"end":{"line":115,"column":0}},"115":{"start":{"line":116,"column":0},"end":{"line":116,"column":0}},"116":{"start":{"line":117,"column":0},"end":{"line":117,"column":3}},"117":{"start":{"line":118,"column":0},"end":{"line":118,"column":20}},"118":{"start":{"line":119,"column":0},"end":{"line":119,"column":28}},"119":{"start":{"line":120,"column":0},"end":{"line":120,"column":3}},"120":{"start":{"line":121,"column":0},"end":{"line":121,"column":55}},"121":{"start":{"line":122,"column":0},"end":{"line":122,"column":42}},"122":{"start":{"line":123,"column":0},"end":{"line":123,"column":0}},"123":{"start":{"line":124,"column":0},"end":{"line":124,"column":48}},"124":{"start":{"line":125,"column":0},"end":{"line":125,"column":24}},"125":{"start":{"line":126,"column":0},"end":{"line":126,"column":30}},"126":{"start":{"line":127,"column":0},"end":{"line":127,"column":26}},"127":{"start":{"line":128,"column":0},"end":{"line":128,"column":32}},"128":{"start":{"line":129,"column":0},"end":{"line":129,"column":4}},"129":{"start":{"line":130,"column":0},"end":{"line":130,"column":0}},"130":{"start":{"line":131,"column":0},"end":{"line":131,"column":70}},"131":{"start":{"line":132,"column":0},"end":{"line":132,"column":0}},"132":{"start":{"line":133,"column":0},"end":{"line":133,"column":62}},"133":{"start":{"line":134,"column":0},"end":{"line":134,"column":2}},"134":{"start":{"line":135,"column":0},"end":{"line":135,"column":0}},"135":{"start":{"line":136,"column":0},"end":{"line":136,"column":54}},"136":{"start":{"line":137,"column":0},"end":{"line":137,"column":8}},"137":{"start":{"line":138,"column":0},"end":{"line":138,"column":10}},"138":{"start":{"line":139,"column":0},"end":{"line":139,"column":7}},"139":{"start":{"line":140,"column":0},"end":{"line":140,"column":10}},"140":{"start":{"line":141,"column":0},"end":{"line":141,"column":10}},"141":{"start":{"line":142,"column":0},"end":{"line":142,"column":16}},"142":{"start":{"line":143,"column":0},"end":{"line":143,"column":25}},"143":{"start":{"line":144,"column":0},"end":{"line":144,"column":62}},"144":{"start":{"line":145,"column":0},"end":{"line":145,"column":8}},"145":{"start":{"line":146,"column":0},"end":{"line":146,"column":6}},"146":{"start":{"line":147,"column":0},"end":{"line":147,"column":4}},"147":{"start":{"line":148,"column":0},"end":{"line":148,"column":2}},"148":{"start":{"line":149,"column":0},"end":{"line":149,"column":0}},"149":{"start":{"line":150,"column":0},"end":{"line":150,"column":32}}},"s":{"0":1,"1":1,"2":1,"3":1,"4":1,"5":1,"6":1,"7":1,"8":1,"9":1,"10":1,"11":1,"12":1,"13":25,"14":25,"15":25,"16":25,"17":25,"18":25,"19":25,"20":25,"21":25,"22":25,"23":25,"24":25,"25":25,"26":25,"27":25,"28":25,"29":25,"30":25,"31":25,"32":25,"33":25,"34":25,"35":25,"36":25,"37":25,"38":25,"39":25,"40":7,"41":7,"42":7,"43":7,"44":7,"45":1,"46":1,"47":7,"48":7,"49":7,"50":7,"51":7,"52":7,"53":7,"54":7,"55":7,"56":7,"57":7,"58":7,"59":7,"60":7,"61":7,"62":1,"63":1,"64":25,"65":25,"66":25,"67":25,"68":25,"69":25,"70":24,"71":24,"72":23,"73":23,"74":22,"75":22,"76":21,"77":25,"78":25,"79":25,"80":25,"81":25,"82":21,"83":25,"84":25,"85":25,"86":25,"87":25,"88":25,"89":25,"90":25,"91":25,"92":25,"93":25,"94":25,"95":25,"96":25,"97":25,"98":25,"99":25,"100":25,"101":25,"102":25,"103":25,"104":25,"105":25,"106":25,"107":25,"108":7,"109":25,"110":25,"111":25,"112":25,"113":25,"114":1,"115":1,"116":1,"117":1,"118":1,"119":1,"120":1,"121":18,"122":18,"123":18,"124":18,"125":18,"126":18,"127":18,"128":18,"129":18,"130":18,"131":18,"132":18,"133":18,"134":1,"135":1,"136":2,"137":2,"138":2,"139":2,"140":2,"141":2,"142":2,"143":2,"144":2,"145":2,"146":2,"147":2,"148":1,"149":1},"branchMap":{"0":{"type":"branch","line":13,"loc":{"start":{"line":13,"column":40},"end":{"line":114,"column":2}},"locations":[{"start":{"line":13,"column":40},"end":{"line":114,"column":2}}]},"1":{"type":"branch","line":19,"loc":{"start":{"line":19,"column":10},"end":{"line":19,"column":18}},"locations":[{"start":{"line":19,"column":10},"end":{"line":19,"column":18}}]},"2":{"type":"branch","line":19,"loc":{"start":{"line":19,"column":18},"end":{"line":19,"column":19}},"locations":[{"start":{"line":19,"column":18},"end":{"line":19,"column":19}}]},"3":{"type":"branch","line":20,"loc":{"start":{"line":20,"column":12},"end":{"line":20,"column":20}},"locations":[{"start":{"line":20,"column":12},"end":{"line":20,"column":20}}]},"4":{"type":"branch","line":20,"loc":{"start":{"line":20,"column":20},"end":{"line":20,"column":21}},"locations":[{"start":{"line":20,"column":20},"end":{"line":20,"column":21}}]},"5":{"type":"branch","line":21,"loc":{"start":{"line":21,"column":12},"end":{"line":21,"column":20}},"locations":[{"start":{"line":21,"column":12},"end":{"line":21,"column":20}}]},"6":{"type":"branch","line":21,"loc":{"start":{"line":21,"column":20},"end":{"line":21,"column":21}},"locations":[{"start":{"line":21,"column":20},"end":{"line":21,"column":21}}]},"7":{"type":"branch","line":22,"loc":{"start":{"line":22,"column":10},"end":{"line":22,"column":18}},"locations":[{"start":{"line":22,"column":10},"end":{"line":22,"column":18}}]},"8":{"type":"branch","line":22,"loc":{"start":{"line":22,"column":18},"end":{"line":22,"column":19}},"locations":[{"start":{"line":22,"column":18},"end":{"line":22,"column":19}}]},"9":{"type":"branch","line":23,"loc":{"start":{"line":23,"column":10},"end":{"line":23,"column":18}},"locations":[{"start":{"line":23,"column":10},"end":{"line":23,"column":18}}]},"10":{"type":"branch","line":23,"loc":{"start":{"line":23,"column":18},"end":{"line":23,"column":19}},"locations":[{"start":{"line":23,"column":18},"end":{"line":23,"column":19}}]},"11":{"type":"branch","line":24,"loc":{"start":{"line":24,"column":8},"end":{"line":24,"column":13}},"locations":[{"start":{"line":24,"column":8},"end":{"line":24,"column":13}}]},"12":{"type":"branch","line":24,"loc":{"start":{"line":24,"column":13},"end":{"line":24,"column":14}},"locations":[{"start":{"line":24,"column":13},"end":{"line":24,"column":14}}]},"13":{"type":"branch","line":69,"loc":{"start":{"line":69,"column":4},"end":{"line":69,"column":13}},"locations":[{"start":{"line":69,"column":4},"end":{"line":69,"column":13}}]},"14":{"type":"branch","line":70,"loc":{"start":{"line":70,"column":4},"end":{"line":78,"column":8}},"locations":[{"start":{"line":70,"column":4},"end":{"line":78,"column":8}}]},"15":{"type":"branch","line":71,"loc":{"start":{"line":71,"column":4},"end":{"line":71,"column":15}},"locations":[{"start":{"line":71,"column":4},"end":{"line":71,"column":15}}]},"16":{"type":"branch","line":72,"loc":{"start":{"line":72,"column":4},"end":{"line":78,"column":8}},"locations":[{"start":{"line":72,"column":4},"end":{"line":78,"column":8}}]},"17":{"type":"branch","line":73,"loc":{"start":{"line":73,"column":4},"end":{"line":73,"column":15}},"locations":[{"start":{"line":73,"column":4},"end":{"line":73,"column":15}}]},"18":{"type":"branch","line":74,"loc":{"start":{"line":74,"column":4},"end":{"line":78,"column":8}},"locations":[{"start":{"line":74,"column":4},"end":{"line":78,"column":8}}]},"19":{"type":"branch","line":75,"loc":{"start":{"line":75,"column":4},"end":{"line":75,"column":18}},"locations":[{"start":{"line":75,"column":4},"end":{"line":75,"column":18}}]},"20":{"type":"branch","line":76,"loc":{"start":{"line":76,"column":4},"end":{"line":78,"column":8}},"locations":[{"start":{"line":76,"column":4},"end":{"line":78,"column":8}}]},"21":{"type":"branch","line":77,"loc":{"start":{"line":77,"column":4},"end":{"line":77,"column":20}},"locations":[{"start":{"line":77,"column":4},"end":{"line":77,"column":20}}]},"22":{"type":"branch","line":78,"loc":{"start":{"line":78,"column":4},"end":{"line":78,"column":8}},"locations":[{"start":{"line":78,"column":4},"end":{"line":78,"column":8}}]},"23":{"type":"branch","line":88,"loc":{"start":{"line":88,"column":46},"end":{"line":88,"column":68}},"locations":[{"start":{"line":88,"column":46},"end":{"line":88,"column":68}}]},"24":{"type":"branch","line":94,"loc":{"start":{"line":94,"column":13},"end":{"line":94,"column":75}},"locations":[{"start":{"line":94,"column":13},"end":{"line":94,"column":75}}]},"25":{"type":"branch","line":106,"loc":{"start":{"line":106,"column":19},"end":{"line":106,"column":35}},"locations":[{"start":{"line":106,"column":19},"end":{"line":106,"column":35}}]},"26":{"type":"branch","line":108,"loc":{"start":{"line":108,"column":16},"end":{"line":108,"column":35}},"locations":[{"start":{"line":108,"column":16},"end":{"line":108,"column":35}}]},"27":{"type":"branch","line":108,"loc":{"start":{"line":108,"column":35},"end":{"line":109,"column":61}},"locations":[{"start":{"line":108,"column":35},"end":{"line":109,"column":61}}]},"28":{"type":"branch","line":111,"loc":{"start":{"line":111,"column":21},"end":{"line":111,"column":80}},"locations":[{"start":{"line":111,"column":21},"end":{"line":111,"column":80}}]},"29":{"type":"branch","line":40,"loc":{"start":{"line":40,"column":23},"end":{"line":65,"column":3}},"locations":[{"start":{"line":40,"column":23},"end":{"line":65,"column":3}}]},"30":{"type":"branch","line":45,"loc":{"start":{"line":45,"column":31},"end":{"line":47,"column":5}},"locations":[{"start":{"line":45,"column":31},"end":{"line":47,"column":5}}]},"31":{"type":"branch","line":58,"loc":{"start":{"line":58,"column":38},"end":{"line":58,"column":58}},"locations":[{"start":{"line":58,"column":38},"end":{"line":58,"column":58}}]},"32":{"type":"branch","line":62,"loc":{"start":{"line":62,"column":18},"end":{"line":64,"column":5}},"locations":[{"start":{"line":62,"column":18},"end":{"line":64,"column":5}}]},"33":{"type":"branch","line":81,"loc":{"start":{"line":81,"column":21},"end":{"line":84,"column":3}},"locations":[{"start":{"line":81,"column":21},"end":{"line":84,"column":3}}]},"34":{"type":"branch","line":82,"loc":{"start":{"line":82,"column":24},"end":{"line":82,"column":39}},"locations":[{"start":{"line":82,"column":24},"end":{"line":82,"column":39}}]},"35":{"type":"branch","line":83,"loc":{"start":{"line":83,"column":-2},"end":{"line":84,"column":3}},"locations":[{"start":{"line":83,"column":-2},"end":{"line":84,"column":3}}]},"36":{"type":"branch","line":121,"loc":{"start":{"line":121,"column":36},"end":{"line":134,"column":2}},"locations":[{"start":{"line":121,"column":36},"end":{"line":134,"column":2}}]},"37":{"type":"branch","line":131,"loc":{"start":{"line":131,"column":31},"end":{"line":131,"column":69}},"locations":[{"start":{"line":131,"column":31},"end":{"line":131,"column":69}}]},"38":{"type":"branch","line":131,"loc":{"start":{"line":131,"column":58},"end":{"line":131,"column":68}},"locations":[{"start":{"line":131,"column":58},"end":{"line":131,"column":68}}]},"39":{"type":"branch","line":136,"loc":{"start":{"line":136,"column":52},"end":{"line":148,"column":2}},"locations":[{"start":{"line":136,"column":52},"end":{"line":148,"column":2}}]},"40":{"type":"branch","line":143,"loc":{"start":{"line":143,"column":18},"end":{"line":143,"column":25}},"locations":[{"start":{"line":143,"column":18},"end":{"line":143,"column":25}}]}},"b":{"0":[25],"1":[24],"2":[1],"3":[24],"4":[1],"5":[24],"6":[1],"7":[24],"8":[1],"9":[24],"10":[1],"11":[13],"12":[12],"13":[1],"14":[24],"15":[1],"16":[23],"17":[1],"18":[22],"19":[1],"20":[21],"21":[1],"22":[20],"23":[21],"24":[7],"25":[2],"26":[11],"27":[7],"28":[4],"29":[7],"30":[1],"31":[3],"32":[1],"33":[25],"34":[4],"35":[21],"36":[18],"37":[13],"38":[12],"39":[2],"40":[2]},"fnMap":{"0":{"name":"InputBase","decl":{"start":{"line":13,"column":40},"end":{"line":114,"column":2}},"loc":{"start":{"line":13,"column":40},"end":{"line":114,"column":2}},"line":13},"1":{"name":"handleChange","decl":{"start":{"line":40,"column":23},"end":{"line":65,"column":3}},"loc":{"start":{"line":40,"column":23},"end":{"line":65,"column":3}},"line":40},"2":{"name":"fieldState","decl":{"start":{"line":81,"column":21},"end":{"line":84,"column":3}},"loc":{"start":{"line":81,"column":21},"end":{"line":84,"column":3}},"line":81},"3":{"name":"Input","decl":{"start":{"line":121,"column":36},"end":{"line":134,"column":2}},"loc":{"start":{"line":121,"column":36},"end":{"line":134,"column":2}},"line":121},"4":{"name":"InputWithIcon","decl":{"start":{"line":136,"column":52},"end":{"line":148,"column":2}},"loc":{"start":{"line":136,"column":52},"end":{"line":148,"column":2}},"line":136},"5":{"name":"renderIcon","decl":{"start":{"line":143,"column":18},"end":{"line":143,"column":25}},"loc":{"start":{"line":143,"column":18},"end":{"line":143,"column":25}},"line":143}},"f":{"0":25,"1":7,"2":25,"3":18,"4":2,"5":2}}
,"C:\\Proyectos\\components-library\\src\\components\\Input\\communPatterns.ts": {"path":"C:\\Proyectos\\components-library\\src\\components\\Input\\communPatterns.ts","all":false,"statementMap":{"0":{"start":{"line":1,"column":0},"end":{"line":1,"column":36}},"1":{"start":{"line":2,"column":0},"end":{"line":2,"column":97}},"2":{"start":{"line":3,"column":0},"end":{"line":3,"column":0}},"3":{"start":{"line":4,"column":0},"end":{"line":4,"column":38}},"4":{"start":{"line":5,"column":0},"end":{"line":5,"column":31}}},"s":{"0":1,"1":1,"2":1,"3":1,"4":1},"branchMap":{},"b":{},"fnMap":{},"f":{}}
,"C:\\Proyectos\\components-library\\src\\components\\Input\\validationUtils.ts": {"path":"C:\\Proyectos\\components-library\\src\\components\\Input\\validationUtils.ts","all":false,"statementMap":{"0":{"start":{"line":1,"column":0},"end":{"line":1,"column":34}},"1":{"start":{"line":2,"column":0},"end":{"line":2,"column":16}},"2":{"start":{"line":3,"column":0},"end":{"line":3,"column":12}},"3":{"start":{"line":4,"column":0},"end":{"line":4,"column":21}},"4":{"start":{"line":5,"column":0},"end":{"line":5,"column":23}},"5":{"start":{"line":6,"column":0},"end":{"line":6,"column":23}},"6":{"start":{"line":7,"column":0},"end":{"line":7,"column":23}},"7":{"start":{"line":8,"column":0},"end":{"line":8,"column":3}},"8":{"start":{"line":9,"column":0},"end":{"line":9,"column":16}},"9":{"start":{"line":10,"column":0},"end":{"line":10,"column":62}},"10":{"start":{"line":11,"column":0},"end":{"line":11,"column":30}},"11":{"start":{"line":12,"column":0},"end":{"line":12,"column":0}},"12":{"start":{"line":13,"column":0},"end":{"line":13,"column":40}},"13":{"start":{"line":14,"column":0},"end":{"line":14,"column":46}},"14":{"start":{"line":15,"column":0},"end":{"line":15,"column":3}},"15":{"start":{"line":16,"column":0},"end":{"line":16,"column":0}},"16":{"start":{"line":17,"column":0},"end":{"line":17,"column":52}},"17":{"start":{"line":18,"column":0},"end":{"line":18,"column":55}},"18":{"start":{"line":19,"column":0},"end":{"line":19,"column":3}},"19":{"start":{"line":20,"column":0},"end":{"line":20,"column":0}},"20":{"start":{"line":21,"column":0},"end":{"line":21,"column":46}},"21":{"start":{"line":22,"column":0},"end":{"line":22,"column":65}},"22":{"start":{"line":23,"column":0},"end":{"line":23,"column":3}},"23":{"start":{"line":24,"column":0},"end":{"line":24,"column":0}},"24":{"start":{"line":25,"column":0},"end":{"line":25,"column":46}},"25":{"start":{"line":26,"column":0},"end":{"line":26,"column":65}},"26":{"start":{"line":27,"column":0},"end":{"line":27,"column":3}},"27":{"start":{"line":28,"column":0},"end":{"line":28,"column":0}},"28":{"start":{"line":29,"column":0},"end":{"line":29,"column":16}},"29":{"start":{"line":30,"column":0},"end":{"line":30,"column":2}},"30":{"start":{"line":31,"column":0},"end":{"line":31,"column":0}},"31":{"start":{"line":32,"column":0},"end":{"line":32,"column":64}},"32":{"start":{"line":33,"column":0},"end":{"line":33,"column":13}},"33":{"start":{"line":34,"column":0},"end":{"line":34,"column":15}},"34":{"start":{"line":35,"column":0},"end":{"line":35,"column":9}},"35":{"start":{"line":36,"column":0},"end":{"line":36,"column":74}},"36":{"start":{"line":37,"column":0},"end":{"line":37,"column":5}},"37":{"start":{"line":38,"column":0},"end":{"line":38,"column":15}},"38":{"start":{"line":39,"column":0},"end":{"line":39,"column":2}}},"s":{"0":1,"1":11,"2":11,"3":11,"4":11,"5":11,"6":11,"7":11,"8":11,"9":11,"10":11,"11":11,"12":11,"13":1,"14":1,"15":11,"16":11,"17":5,"18":5,"19":11,"20":11,"21":1,"22":1,"23":11,"24":11,"25":1,"26":1,"27":11,"28":11,"29":11,"30":1,"31":1,"32":1,"33":1,"34":1,"35":1,"36":1,"37":1,"38":1},"branchMap":{"0":{"type":"branch","line":1,"loc":{"start":{"line":1,"column":33},"end":{"line":30,"column":2}},"locations":[{"start":{"line":1,"column":33},"end":{"line":30,"column":2}}]},"1":{"type":"branch","line":13,"loc":{"start":{"line":13,"column":14},"end":{"line":13,"column":37}},"locations":[{"start":{"line":13,"column":14},"end":{"line":13,"column":37}}]},"2":{"type":"branch","line":13,"loc":{"start":{"line":13,"column":39},"end":{"line":15,"column":3}},"locations":[{"start":{"line":13,"column":39},"end":{"line":15,"column":3}}]},"3":{"type":"branch","line":17,"loc":{"start":{"line":17,"column":13},"end":{"line":17,"column":49}},"locations":[{"start":{"line":17,"column":13},"end":{"line":17,"column":49}}]},"4":{"type":"branch","line":17,"loc":{"start":{"line":17,"column":51},"end":{"line":19,"column":3}},"locations":[{"start":{"line":17,"column":51},"end":{"line":19,"column":3}}]},"5":{"type":"branch","line":21,"loc":{"start":{"line":21,"column":15},"end":{"line":21,"column":43}},"locations":[{"start":{"line":21,"column":15},"end":{"line":21,"column":43}}]},"6":{"type":"branch","line":21,"loc":{"start":{"line":21,"column":45},"end":{"line":23,"column":3}},"locations":[{"start":{"line":21,"column":45},"end":{"line":23,"column":3}}]},"7":{"type":"branch","line":25,"loc":{"start":{"line":25,"column":15},"end":{"line":25,"column":43}},"locations":[{"start":{"line":25,"column":15},"end":{"line":25,"column":43}}]},"8":{"type":"branch","line":25,"loc":{"start":{"line":25,"column":45},"end":{"line":27,"column":3}},"locations":[{"start":{"line":25,"column":45},"end":{"line":27,"column":3}}]},"9":{"type":"branch","line":32,"loc":{"start":{"line":32,"column":37},"end":{"line":39,"column":2}},"locations":[{"start":{"line":32,"column":37},"end":{"line":39,"column":2}}]},"10":{"type":"branch","line":36,"loc":{"start":{"line":36,"column":6},"end":{"line":36,"column":20}},"locations":[{"start":{"line":36,"column":6},"end":{"line":36,"column":20}}]}},"b":{"0":[11],"1":[1],"2":[1],"3":[8],"4":[5],"5":[1],"6":[1],"7":[1],"8":[1],"9":[1],"10":[2]},"fnMap":{"0":{"name":"performValidation","decl":{"start":{"line":1,"column":33},"end":{"line":30,"column":2}},"loc":{"start":{"line":1,"column":33},"end":{"line":30,"column":2}},"line":1},"1":{"name":"capitalizeFirstLetter","decl":{"start":{"line":32,"column":37},"end":{"line":39,"column":2}},"loc":{"start":{"line":32,"column":37},"end":{"line":39,"column":2}},"line":32}},"f":{"0":11,"1":1}}
,"C:\\Proyectos\\components-library\\src\\components\\Table\\Table.tsx": {"path":"C:\\Proyectos\\components-library\\src\\components\\Table\\Table.tsx","all":false,"statementMap":{"0":{"start":{"line":1,"column":0},"end":{"line":1,"column":49}},"1":{"start":{"line":2,"column":0},"end":{"line":2,"column":23}},"2":{"start":{"line":3,"column":0},"end":{"line":3,"column":63}},"3":{"start":{"line":4,"column":0},"end":{"line":4,"column":0}},"4":{"start":{"line":5,"column":0},"end":{"line":5,"column":79}},"5":{"start":{"line":6,"column":0},"end":{"line":6,"column":48}},"6":{"start":{"line":7,"column":0},"end":{"line":7,"column":17}},"7":{"start":{"line":8,"column":0},"end":{"line":8,"column":30}},"8":{"start":{"line":9,"column":0},"end":{"line":9,"column":18}},"9":{"start":{"line":10,"column":0},"end":{"line":10,"column":52}},"10":{"start":{"line":11,"column":0},"end":{"line":11,"column":0}},"11":{"start":{"line":12,"column":0},"end":{"line":12,"column":36}},"12":{"start":{"line":13,"column":0},"end":{"line":13,"column":34}},"13":{"start":{"line":14,"column":0},"end":{"line":14,"column":30}},"14":{"start":{"line":15,"column":0},"end":{"line":15,"column":36}},"15":{"start":{"line":16,"column":0},"end":{"line":16,"column":52}},"16":{"start":{"line":17,"column":0},"end":{"line":17,"column":57}},"17":{"start":{"line":18,"column":0},"end":{"line":18,"column":9}},"18":{"start":{"line":19,"column":0},"end":{"line":19,"column":52}},"19":{"start":{"line":20,"column":0},"end":{"line":20,"column":57}},"20":{"start":{"line":21,"column":0},"end":{"line":21,"column":9}},"21":{"start":{"line":22,"column":0},"end":{"line":22,"column":17}},"22":{"start":{"line":23,"column":0},"end":{"line":23,"column":9}},"23":{"start":{"line":24,"column":0},"end":{"line":24,"column":5}},"24":{"start":{"line":25,"column":0},"end":{"line":25,"column":25}},"25":{"start":{"line":26,"column":0},"end":{"line":26,"column":25}},"26":{"start":{"line":27,"column":0},"end":{"line":27,"column":0}},"27":{"start":{"line":28,"column":0},"end":{"line":28,"column":42}},"28":{"start":{"line":29,"column":0},"end":{"line":29,"column":60}},"29":{"start":{"line":30,"column":0},"end":{"line":30,"column":56}},"30":{"start":{"line":31,"column":0},"end":{"line":31,"column":59}},"31":{"start":{"line":32,"column":0},"end":{"line":32,"column":46}},"32":{"start":{"line":33,"column":0},"end":{"line":33,"column":0}},"33":{"start":{"line":34,"column":0},"end":{"line":34,"column":54}},"34":{"start":{"line":35,"column":0},"end":{"line":35,"column":0}},"35":{"start":{"line":36,"column":0},"end":{"line":36,"column":41}},"36":{"start":{"line":37,"column":0},"end":{"line":37,"column":42}},"37":{"start":{"line":38,"column":0},"end":{"line":38,"column":8}},"38":{"start":{"line":39,"column":0},"end":{"line":39,"column":19}},"39":{"start":{"line":40,"column":0},"end":{"line":40,"column":31}},"40":{"start":{"line":41,"column":0},"end":{"line":41,"column":36}},"41":{"start":{"line":42,"column":0},"end":{"line":42,"column":7}},"42":{"start":{"line":43,"column":0},"end":{"line":43,"column":25}},"43":{"start":{"line":44,"column":0},"end":{"line":44,"column":5}},"44":{"start":{"line":45,"column":0},"end":{"line":45,"column":38}},"45":{"start":{"line":46,"column":0},"end":{"line":46,"column":4}},"46":{"start":{"line":47,"column":0},"end":{"line":47,"column":0}},"47":{"start":{"line":48,"column":0},"end":{"line":48,"column":68}},"48":{"start":{"line":49,"column":0},"end":{"line":49,"column":44}},"49":{"start":{"line":50,"column":0},"end":{"line":50,"column":79}},"50":{"start":{"line":51,"column":0},"end":{"line":51,"column":4}},"51":{"start":{"line":52,"column":0},"end":{"line":52,"column":0}},"52":{"start":{"line":53,"column":0},"end":{"line":53,"column":10}},"53":{"start":{"line":54,"column":0},"end":{"line":54,"column":6}},"54":{"start":{"line":55,"column":0},"end":{"line":55,"column":39}},"55":{"start":{"line":56,"column":0},"end":{"line":56,"column":40}},"56":{"start":{"line":57,"column":0},"end":{"line":57,"column":17}},"57":{"start":{"line":58,"column":0},"end":{"line":58,"column":16}},"58":{"start":{"line":59,"column":0},"end":{"line":59,"column":40}},"59":{"start":{"line":60,"column":0},"end":{"line":60,"column":19}},"60":{"start":{"line":61,"column":0},"end":{"line":61,"column":45}},"61":{"start":{"line":62,"column":0},"end":{"line":62,"column":76}},"62":{"start":{"line":63,"column":0},"end":{"line":63,"column":63}},"63":{"start":{"line":64,"column":0},"end":{"line":64,"column":17}},"64":{"start":{"line":65,"column":0},"end":{"line":65,"column":33}},"65":{"start":{"line":66,"column":0},"end":{"line":66,"column":54}},"66":{"start":{"line":67,"column":0},"end":{"line":67,"column":79}},"67":{"start":{"line":68,"column":0},"end":{"line":68,"column":20}},"68":{"start":{"line":69,"column":0},"end":{"line":69,"column":21}},"69":{"start":{"line":70,"column":0},"end":{"line":70,"column":17}},"70":{"start":{"line":71,"column":0},"end":{"line":71,"column":17}},"71":{"start":{"line":72,"column":0},"end":{"line":72,"column":18}},"72":{"start":{"line":73,"column":0},"end":{"line":73,"column":17}},"73":{"start":{"line":74,"column":0},"end":{"line":74,"column":52}},"74":{"start":{"line":75,"column":0},"end":{"line":75,"column":30}},"75":{"start":{"line":76,"column":0},"end":{"line":76,"column":42}},"76":{"start":{"line":77,"column":0},"end":{"line":77,"column":50}},"77":{"start":{"line":78,"column":0},"end":{"line":78,"column":46}},"78":{"start":{"line":79,"column":0},"end":{"line":79,"column":23}},"79":{"start":{"line":80,"column":0},"end":{"line":80,"column":19}},"80":{"start":{"line":81,"column":0},"end":{"line":81,"column":19}},"81":{"start":{"line":82,"column":0},"end":{"line":82,"column":15}},"82":{"start":{"line":83,"column":0},"end":{"line":83,"column":18}},"83":{"start":{"line":84,"column":0},"end":{"line":84,"column":16}},"84":{"start":{"line":85,"column":0},"end":{"line":85,"column":12}},"85":{"start":{"line":86,"column":0},"end":{"line":86,"column":17}},"86":{"start":{"line":87,"column":0},"end":{"line":87,"column":33}},"87":{"start":{"line":88,"column":0},"end":{"line":88,"column":32}},"88":{"start":{"line":89,"column":0},"end":{"line":89,"column":31}},"89":{"start":{"line":90,"column":0},"end":{"line":90,"column":53}},"90":{"start":{"line":91,"column":0},"end":{"line":91,"column":31}},"91":{"start":{"line":92,"column":0},"end":{"line":92,"column":8}},"92":{"start":{"line":93,"column":0},"end":{"line":93,"column":7}},"93":{"start":{"line":94,"column":0},"end":{"line":94,"column":4}},"94":{"start":{"line":95,"column":0},"end":{"line":95,"column":1}},"95":{"start":{"line":96,"column":0},"end":{"line":96,"column":0}},"96":{"start":{"line":97,"column":0},"end":{"line":97,"column":21}},"97":{"start":{"line":98,"column":0},"end":{"line":98,"column":14}},"98":{"start":{"line":99,"column":0},"end":{"line":99,"column":13}},"99":{"start":{"line":100,"column":0},"end":{"line":100,"column":11}},"100":{"start":{"line":101,"column":0},"end":{"line":101,"column":15}},"101":{"start":{"line":102,"column":0},"end":{"line":102,"column":11}},"102":{"start":{"line":103,"column":0},"end":{"line":103,"column":21}},"103":{"start":{"line":104,"column":0},"end":{"line":104,"column":54}},"104":{"start":{"line":105,"column":0},"end":{"line":105,"column":0}},"105":{"start":{"line":106,"column":0},"end":{"line":106,"column":24}},"106":{"start":{"line":107,"column":0},"end":{"line":107,"column":16}},"107":{"start":{"line":108,"column":0},"end":{"line":108,"column":3}},"108":{"start":{"line":109,"column":0},"end":{"line":109,"column":0}},"109":{"start":{"line":110,"column":0},"end":{"line":110,"column":10}},"110":{"start":{"line":111,"column":0},"end":{"line":111,"column":32}},"111":{"start":{"line":112,"column":0},"end":{"line":112,"column":13}},"112":{"start":{"line":113,"column":0},"end":{"line":113,"column":39}},"113":{"start":{"line":114,"column":0},"end":{"line":114,"column":36}},"114":{"start":{"line":115,"column":0},"end":{"line":115,"column":24}},"115":{"start":{"line":116,"column":0},"end":{"line":116,"column":7}},"116":{"start":{"line":117,"column":0},"end":{"line":117,"column":20}},"117":{"start":{"line":118,"column":0},"end":{"line":118,"column":15}},"118":{"start":{"line":119,"column":0},"end":{"line":119,"column":13}},"119":{"start":{"line":120,"column":0},"end":{"line":120,"column":53}},"120":{"start":{"line":121,"column":0},"end":{"line":121,"column":36}},"121":{"start":{"line":122,"column":0},"end":{"line":122,"column":7}},"122":{"start":{"line":123,"column":0},"end":{"line":123,"column":13}},"123":{"start":{"line":124,"column":0},"end":{"line":124,"column":15}},"124":{"start":{"line":125,"column":0},"end":{"line":125,"column":41}},"125":{"start":{"line":126,"column":0},"end":{"line":126,"column":72}},"126":{"start":{"line":127,"column":0},"end":{"line":127,"column":12}},"127":{"start":{"line":128,"column":0},"end":{"line":128,"column":13}},"128":{"start":{"line":129,"column":0},"end":{"line":129,"column":53}},"129":{"start":{"line":130,"column":0},"end":{"line":130,"column":45}},"130":{"start":{"line":131,"column":0},"end":{"line":131,"column":7}},"131":{"start":{"line":132,"column":0},"end":{"line":132,"column":13}},"132":{"start":{"line":133,"column":0},"end":{"line":133,"column":15}},"133":{"start":{"line":134,"column":0},"end":{"line":134,"column":13}},"134":{"start":{"line":135,"column":0},"end":{"line":135,"column":48}},"135":{"start":{"line":136,"column":0},"end":{"line":136,"column":45}},"136":{"start":{"line":137,"column":0},"end":{"line":137,"column":24}},"137":{"start":{"line":138,"column":0},"end":{"line":138,"column":7}},"138":{"start":{"line":139,"column":0},"end":{"line":139,"column":19}},"139":{"start":{"line":140,"column":0},"end":{"line":140,"column":15}},"140":{"start":{"line":141,"column":0},"end":{"line":141,"column":10}},"141":{"start":{"line":142,"column":0},"end":{"line":142,"column":4}},"142":{"start":{"line":143,"column":0},"end":{"line":143,"column":1}}},"s":{"0":1,"1":1,"2":1,"3":1,"4":6,"5":6,"6":6,"7":6,"8":6,"9":6,"10":6,"11":6,"12":5,"13":5,"14":2,"15":11,"16":4,"17":4,"18":7,"19":7,"20":7,"21":0,"22":2,"23":2,"24":5,"25":6,"26":6,"27":6,"28":6,"29":6,"30":6,"31":6,"32":6,"33":6,"34":6,"35":6,"36":2,"37":2,"38":2,"39":2,"40":1,"41":2,"42":1,"43":1,"44":2,"45":6,"46":6,"47":6,"48":0,"49":0,"50":6,"51":6,"52":6,"53":6,"54":6,"55":6,"56":6,"57":6,"58":6,"59":6,"60":6,"61":6,"62":6,"63":6,"64":6,"65":6,"66":2,"67":6,"68":6,"69":6,"70":6,"71":6,"72":6,"73":6,"74":6,"75":6,"76":6,"77":6,"78":6,"79":6,"80":6,"81":6,"82":6,"83":6,"84":6,"85":6,"86":6,"87":6,"88":6,"89":6,"90":6,"91":6,"92":6,"93":6,"94":6,"95":1,"96":6,"97":6,"98":6,"99":6,"100":6,"101":6,"102":6,"103":6,"104":6,"105":6,"106":4,"107":4,"108":2,"109":2,"110":2,"111":2,"112":2,"113":2,"114":2,"115":2,"116":2,"117":2,"118":2,"119":2,"120":2,"121":2,"122":2,"123":2,"124":2,"125":2,"126":2,"127":2,"128":2,"129":2,"130":2,"131":2,"132":2,"133":2,"134":2,"135":2,"136":2,"137":2,"138":2,"139":2,"140":2,"141":2,"142":2},"branchMap":{"0":{"type":"branch","line":5,"loc":{"start":{"line":5,"column":0},"end":{"line":95,"column":1}},"locations":[{"start":{"line":5,"column":0},"end":{"line":95,"column":1}}]},"1":{"type":"branch","line":5,"loc":{"start":{"line":5,"column":54},"end":{"line":5,"column":59}},"locations":[{"start":{"line":5,"column":54},"end":{"line":5,"column":59}}]},"2":{"type":"branch","line":12,"loc":{"start":{"line":12,"column":29},"end":{"line":26,"column":3}},"locations":[{"start":{"line":12,"column":29},"end":{"line":26,"column":3}}]},"3":{"type":"branch","line":14,"loc":{"start":{"line":14,"column":29},"end":{"line":24,"column":5}},"locations":[{"start":{"line":14,"column":29},"end":{"line":24,"column":5}}]},"4":{"type":"branch","line":15,"loc":{"start":{"line":15,"column":25},"end":{"line":23,"column":7}},"locations":[{"start":{"line":15,"column":25},"end":{"line":23,"column":7}}]},"5":{"type":"branch","line":16,"loc":{"start":{"line":16,"column":51},"end":{"line":18,"column":9}},"locations":[{"start":{"line":16,"column":51},"end":{"line":18,"column":9}}]},"6":{"type":"branch","line":17,"loc":{"start":{"line":17,"column":48},"end":{"line":17,"column":52}},"locations":[{"start":{"line":17,"column":48},"end":{"line":17,"column":52}}]},"7":{"type":"branch","line":17,"loc":{"start":{"line":17,"column":53},"end":{"line":17,"column":56}},"locations":[{"start":{"line":17,"column":53},"end":{"line":17,"column":56}}]},"8":{"type":"branch","line":19,"loc":{"start":{"line":19,"column":-2},"end":{"line":21,"column":9}},"locations":[{"start":{"line":19,"column":-2},"end":{"line":21,"column":9}}]},"9":{"type":"branch","line":20,"loc":{"start":{"line":20,"column":48},"end":{"line":20,"column":51}},"locations":[{"start":{"line":20,"column":48},"end":{"line":20,"column":51}}]},"10":{"type":"branch","line":20,"loc":{"start":{"line":20,"column":52},"end":{"line":20,"column":56}},"locations":[{"start":{"line":20,"column":52},"end":{"line":20,"column":56}}]},"11":{"type":"branch","line":22,"loc":{"start":{"line":22,"column":-2},"end":{"line":23,"column":7}},"locations":[{"start":{"line":22,"column":-2},"end":{"line":23,"column":7}}]},"12":{"type":"branch","line":28,"loc":{"start":{"line":28,"column":35},"end":{"line":32,"column":3}},"locations":[{"start":{"line":28,"column":35},"end":{"line":32,"column":3}}]},"13":{"type":"branch","line":36,"loc":{"start":{"line":36,"column":22},"end":{"line":46,"column":3}},"locations":[{"start":{"line":36,"column":22},"end":{"line":46,"column":3}}]},"14":{"type":"branch","line":39,"loc":{"start":{"line":39,"column":16},"end":{"line":40,"column":28}},"locations":[{"start":{"line":39,"column":16},"end":{"line":40,"column":28}}]},"15":{"type":"branch","line":40,"loc":{"start":{"line":40,"column":28},"end":{"line":41,"column":36}},"locations":[{"start":{"line":40,"column":28},"end":{"line":41,"column":36}}]},"16":{"type":"branch","line":42,"loc":{"start":{"line":42,"column":6},"end":{"line":44,"column":5}},"locations":[{"start":{"line":42,"column":6},"end":{"line":44,"column":5}}]},"17":{"type":"branch","line":59,"loc":{"start":{"line":59,"column":27},"end":{"line":59,"column":40}},"locations":[{"start":{"line":59,"column":27},"end":{"line":59,"column":40}}]},"18":{"type":"branch","line":63,"loc":{"start":{"line":63,"column":58},"end":{"line":63,"column":62}},"locations":[{"start":{"line":63,"column":58},"end":{"line":63,"column":62}}]},"19":{"type":"branch","line":66,"loc":{"start":{"line":66,"column":29},"end":{"line":66,"column":31}},"locations":[{"start":{"line":66,"column":29},"end":{"line":66,"column":31}}]},"20":{"type":"branch","line":66,"loc":{"start":{"line":66,"column":29},"end":{"line":66,"column":31}},"locations":[{"start":{"line":66,"column":29},"end":{"line":66,"column":31}}]},"21":{"type":"branch","line":66,"loc":{"start":{"line":66,"column":29},"end":{"line":66,"column":34}},"locations":[{"start":{"line":66,"column":29},"end":{"line":66,"column":34}}]},"22":{"type":"branch","line":66,"loc":{"start":{"line":66,"column":49},"end":{"line":67,"column":79}},"locations":[{"start":{"line":66,"column":49},"end":{"line":67,"column":79}}]},"23":{"type":"branch","line":67,"loc":{"start":{"line":67,"column":58},"end":{"line":67,"column":64}},"locations":[{"start":{"line":67,"column":58},"end":{"line":67,"column":64}}]},"24":{"type":"branch","line":67,"loc":{"start":{"line":67,"column":65},"end":{"line":67,"column":71}},"locations":[{"start":{"line":67,"column":65},"end":{"line":67,"column":71}}]},"25":{"type":"branch","line":62,"loc":{"start":{"line":62,"column":27},"end":{"line":62,"column":39}},"locations":[{"start":{"line":62,"column":27},"end":{"line":62,"column":39}}]},"26":{"type":"branch","line":74,"loc":{"start":{"line":74,"column":34},"end":{"line":74,"column":52}},"locations":[{"start":{"line":74,"column":34},"end":{"line":74,"column":52}}]},"27":{"type":"branch","line":76,"loc":{"start":{"line":76,"column":29},"end":{"line":76,"column":42}},"locations":[{"start":{"line":76,"column":29},"end":{"line":76,"column":42}}]},"28":{"type":"branch","line":90,"loc":{"start":{"line":90,"column":22},"end":{"line":90,"column":46}},"locations":[{"start":{"line":90,"column":22},"end":{"line":90,"column":46}}]},"29":{"type":"branch","line":97,"loc":{"start":{"line":97,"column":0},"end":{"line":143,"column":1}},"locations":[{"start":{"line":97,"column":0},"end":{"line":143,"column":1}}]},"30":{"type":"branch","line":106,"loc":{"start":{"line":106,"column":23},"end":{"line":108,"column":3}},"locations":[{"start":{"line":106,"column":23},"end":{"line":108,"column":3}}]},"31":{"type":"branch","line":109,"loc":{"start":{"line":109,"column":-2},"end":{"line":143,"column":1}},"locations":[{"start":{"line":109,"column":-2},"end":{"line":143,"column":1}}]},"32":{"type":"branch","line":129,"loc":{"start":{"line":129,"column":17},"end":{"line":129,"column":35}},"locations":[{"start":{"line":129,"column":17},"end":{"line":129,"column":35}}]}},"b":{"0":[6],"1":[0],"2":[5],"3":[2],"4":[11],"5":[4],"6":[2],"7":[2],"8":[7],"9":[3],"10":[4],"11":[0],"12":[6],"13":[2],"14":[1],"15":[1],"16":[1],"17":[18],"18":[0],"19":[6],"20":[12],"21":[6],"22":[2],"23":[1],"24":[1],"25":[2],"26":[20],"27":[60],"28":[1],"29":[6],"30":[4],"31":[2],"32":[1]},"fnMap":{"0":{"name":"Table","decl":{"start":{"line":5,"column":0},"end":{"line":95,"column":1}},"loc":{"start":{"line":5,"column":0},"end":{"line":95,"column":1}},"line":5},"1":{"name":"requestSort","decl":{"start":{"line":36,"column":22},"end":{"line":46,"column":3}},"loc":{"start":{"line":36,"column":22},"end":{"line":46,"column":3}},"line":36},"2":{"name":"handleChange","decl":{"start":{"line":48,"column":23},"end":{"line":51,"column":3}},"loc":{"start":{"line":48,"column":23},"end":{"line":51,"column":3}},"line":48},"3":{"name":"onClick","decl":{"start":{"line":62,"column":27},"end":{"line":62,"column":39}},"loc":{"start":{"line":62,"column":27},"end":{"line":62,"column":39}},"line":62},"4":{"name":"onPageChange","decl":{"start":{"line":90,"column":22},"end":{"line":90,"column":46}},"loc":{"start":{"line":90,"column":22},"end":{"line":90,"column":46}},"line":90},"5":{"name":"Pagination","decl":{"start":{"line":97,"column":0},"end":{"line":143,"column":1}},"loc":{"start":{"line":97,"column":0},"end":{"line":143,"column":1}},"line":97},"6":{"name":"onClick","decl":{"start":{"line":113,"column":17},"end":{"line":113,"column":35}},"loc":{"start":{"line":113,"column":17},"end":{"line":113,"column":35}},"line":113},"7":{"name":"onClick","decl":{"start":{"line":120,"column":17},"end":{"line":120,"column":35}},"loc":{"start":{"line":120,"column":17},"end":{"line":120,"column":35}},"line":120},"8":{"name":"onClick","decl":{"start":{"line":129,"column":17},"end":{"line":129,"column":35}},"loc":{"start":{"line":129,"column":17},"end":{"line":129,"column":35}},"line":129},"9":{"name":"onClick","decl":{"start":{"line":135,"column":17},"end":{"line":135,"column":35}},"loc":{"start":{"line":135,"column":17},"end":{"line":135,"column":35}},"line":135}},"f":{"0":6,"1":2,"2":0,"3":2,"4":1,"5":6,"6":0,"7":0,"8":1,"9":0}}
,"C:\\Proyectos\\components-library\\src\\components\\Text\\Text.tsx": {"path":"C:\\Proyectos\\components-library\\src\\components\\Text\\Text.tsx","all":false,"statementMap":{"0":{"start":{"line":1,"column":0},"end":{"line":1,"column":26}},"1":{"start":{"line":2,"column":0},"end":{"line":2,"column":23}},"2":{"start":{"line":3,"column":0},"end":{"line":3,"column":40}},"3":{"start":{"line":4,"column":0},"end":{"line":4,"column":0}},"4":{"start":{"line":5,"column":0},"end":{"line":5,"column":44}},"5":{"start":{"line":6,"column":0},"end":{"line":6,"column":11}},"6":{"start":{"line":7,"column":0},"end":{"line":7,"column":15}},"7":{"start":{"line":8,"column":0},"end":{"line":8,"column":8}},"8":{"start":{"line":9,"column":0},"end":{"line":9,"column":12}},"9":{"start":{"line":10,"column":0},"end":{"line":10,"column":20}},"10":{"start":{"line":11,"column":0},"end":{"line":11,"column":20}},"11":{"start":{"line":12,"column":0},"end":{"line":12,"column":12}},"12":{"start":{"line":13,"column":0},"end":{"line":13,"column":22}},"13":{"start":{"line":14,"column":0},"end":{"line":14,"column":7}},"14":{"start":{"line":15,"column":0},"end":{"line":15,"column":6}},"15":{"start":{"line":16,"column":0},"end":{"line":16,"column":29}},"16":{"start":{"line":17,"column":0},"end":{"line":17,"column":11}},"17":{"start":{"line":18,"column":0},"end":{"line":18,"column":7}},"18":{"start":{"line":19,"column":0},"end":{"line":19,"column":29}},"19":{"start":{"line":20,"column":0},"end":{"line":20,"column":33}},"20":{"start":{"line":21,"column":0},"end":{"line":21,"column":30}},"21":{"start":{"line":22,"column":0},"end":{"line":22,"column":5}},"22":{"start":{"line":23,"column":0},"end":{"line":23,"column":3}},"23":{"start":{"line":24,"column":0},"end":{"line":24,"column":14}},"24":{"start":{"line":25,"column":0},"end":{"line":25,"column":54}},"25":{"start":{"line":26,"column":0},"end":{"line":26,"column":13}},"26":{"start":{"line":27,"column":0},"end":{"line":27,"column":9}},"27":{"start":{"line":28,"column":0},"end":{"line":28,"column":37}},"28":{"start":{"line":29,"column":0},"end":{"line":29,"column":49}},"29":{"start":{"line":30,"column":0},"end":{"line":30,"column":32}},"30":{"start":{"line":31,"column":0},"end":{"line":31,"column":7}},"31":{"start":{"line":32,"column":0},"end":{"line":32,"column":5}},"32":{"start":{"line":33,"column":0},"end":{"line":33,"column":16}},"33":{"start":{"line":34,"column":0},"end":{"line":34,"column":16}},"34":{"start":{"line":35,"column":0},"end":{"line":35,"column":8}},"35":{"start":{"line":36,"column":0},"end":{"line":36,"column":2}},"36":{"start":{"line":37,"column":0},"end":{"line":37,"column":0}},"37":{"start":{"line":38,"column":0},"end":{"line":38,"column":59}},"38":{"start":{"line":39,"column":0},"end":{"line":39,"column":73}},"39":{"start":{"line":40,"column":0},"end":{"line":40,"column":2}},"40":{"start":{"line":41,"column":0},"end":{"line":41,"column":0}},"41":{"start":{"line":42,"column":0},"end":{"line":42,"column":59}},"42":{"start":{"line":43,"column":0},"end":{"line":43,"column":73}},"43":{"start":{"line":44,"column":0},"end":{"line":44,"column":2}},"44":{"start":{"line":45,"column":0},"end":{"line":45,"column":0}},"45":{"start":{"line":46,"column":0},"end":{"line":46,"column":59}},"46":{"start":{"line":47,"column":0},"end":{"line":47,"column":73}},"47":{"start":{"line":48,"column":0},"end":{"line":48,"column":2}},"48":{"start":{"line":49,"column":0},"end":{"line":49,"column":0}},"49":{"start":{"line":50,"column":0},"end":{"line":50,"column":59}},"50":{"start":{"line":51,"column":0},"end":{"line":51,"column":73}},"51":{"start":{"line":52,"column":0},"end":{"line":52,"column":2}},"52":{"start":{"line":53,"column":0},"end":{"line":53,"column":0}},"53":{"start":{"line":54,"column":0},"end":{"line":54,"column":59}},"54":{"start":{"line":55,"column":0},"end":{"line":55,"column":73}},"55":{"start":{"line":56,"column":0},"end":{"line":56,"column":2}},"56":{"start":{"line":57,"column":0},"end":{"line":57,"column":0}},"57":{"start":{"line":58,"column":0},"end":{"line":58,"column":59}},"58":{"start":{"line":59,"column":0},"end":{"line":59,"column":73}},"59":{"start":{"line":60,"column":0},"end":{"line":60,"column":2}},"60":{"start":{"line":61,"column":0},"end":{"line":61,"column":0}},"61":{"start":{"line":62,"column":0},"end":{"line":62,"column":58}},"62":{"start":{"line":63,"column":0},"end":{"line":63,"column":64}},"63":{"start":{"line":64,"column":0},"end":{"line":64,"column":2}},"64":{"start":{"line":65,"column":0},"end":{"line":65,"column":0}},"65":{"start":{"line":66,"column":0},"end":{"line":66,"column":58}},"66":{"start":{"line":67,"column":0},"end":{"line":67,"column":64}},"67":{"start":{"line":68,"column":0},"end":{"line":68,"column":2}},"68":{"start":{"line":69,"column":0},"end":{"line":69,"column":0}},"69":{"start":{"line":70,"column":0},"end":{"line":70,"column":58}},"70":{"start":{"line":71,"column":0},"end":{"line":71,"column":64}},"71":{"start":{"line":72,"column":0},"end":{"line":72,"column":2}},"72":{"start":{"line":73,"column":0},"end":{"line":73,"column":0}},"73":{"start":{"line":74,"column":0},"end":{"line":74,"column":58}},"74":{"start":{"line":75,"column":0},"end":{"line":75,"column":64}},"75":{"start":{"line":76,"column":0},"end":{"line":76,"column":2}},"76":{"start":{"line":77,"column":0},"end":{"line":77,"column":0}},"77":{"start":{"line":78,"column":0},"end":{"line":78,"column":60}},"78":{"start":{"line":79,"column":0},"end":{"line":79,"column":66}},"79":{"start":{"line":80,"column":0},"end":{"line":80,"column":2}},"80":{"start":{"line":81,"column":0},"end":{"line":81,"column":0}},"81":{"start":{"line":82,"column":0},"end":{"line":82,"column":61}},"82":{"start":{"line":83,"column":0},"end":{"line":83,"column":11}},"83":{"start":{"line":84,"column":0},"end":{"line":84,"column":14}},"84":{"start":{"line":85,"column":0},"end":{"line":85,"column":45}},"85":{"start":{"line":86,"column":0},"end":{"line":86,"column":19}},"86":{"start":{"line":87,"column":0},"end":{"line":87,"column":23}},"87":{"start":{"line":88,"column":0},"end":{"line":88,"column":4}},"88":{"start":{"line":89,"column":0},"end":{"line":89,"column":2}}},"s":{"0":1,"1":1,"2":1,"3":1,"4":1,"5":65,"6":65,"7":65,"8":65,"9":65,"10":65,"11":65,"12":65,"13":65,"14":65,"15":65,"16":65,"17":65,"18":65,"19":65,"20":65,"21":65,"22":65,"23":65,"24":65,"25":65,"26":65,"27":65,"28":65,"29":65,"30":65,"31":65,"32":65,"33":65,"34":65,"35":65,"36":1,"37":1,"38":1,"39":1,"40":1,"41":1,"42":1,"43":1,"44":1,"45":1,"46":1,"47":1,"48":1,"49":1,"50":1,"51":1,"52":1,"53":1,"54":1,"55":1,"56":1,"57":1,"58":1,"59":1,"60":1,"61":1,"62":1,"63":1,"64":1,"65":1,"66":1,"67":1,"68":1,"69":1,"70":1,"71":1,"72":1,"73":1,"74":1,"75":1,"76":1,"77":1,"78":1,"79":1,"80":1,"81":1,"82":1,"83":1,"84":1,"85":1,"86":1,"87":1,"88":1},"branchMap":{"0":{"type":"branch","line":5,"loc":{"start":{"line":5,"column":42},"end":{"line":36,"column":2}},"locations":[{"start":{"line":5,"column":42},"end":{"line":36,"column":2}}]},"1":{"type":"branch","line":7,"loc":{"start":{"line":7,"column":6},"end":{"line":7,"column":14}},"locations":[{"start":{"line":7,"column":6},"end":{"line":7,"column":14}}]},"2":{"type":"branch","line":7,"loc":{"start":{"line":7,"column":14},"end":{"line":7,"column":15}},"locations":[{"start":{"line":7,"column":14},"end":{"line":7,"column":15}}]},"3":{"type":"branch","line":10,"loc":{"start":{"line":10,"column":19},"end":{"line":10,"column":20}},"locations":[{"start":{"line":10,"column":19},"end":{"line":10,"column":20}}]},"4":{"type":"branch","line":11,"loc":{"start":{"line":11,"column":19},"end":{"line":11,"column":20}},"locations":[{"start":{"line":11,"column":19},"end":{"line":11,"column":20}}]},"5":{"type":"branch","line":13,"loc":{"start":{"line":13,"column":15},"end":{"line":13,"column":21}},"locations":[{"start":{"line":13,"column":15},"end":{"line":13,"column":21}}]},"6":{"type":"branch","line":13,"loc":{"start":{"line":13,"column":21},"end":{"line":13,"column":22}},"locations":[{"start":{"line":13,"column":21},"end":{"line":13,"column":22}}]},"7":{"type":"branch","line":25,"loc":{"start":{"line":25,"column":38},"end":{"line":25,"column":46}},"locations":[{"start":{"line":25,"column":38},"end":{"line":25,"column":46}}]},"8":{"type":"branch","line":25,"loc":{"start":{"line":25,"column":47},"end":{"line":25,"column":51}},"locations":[{"start":{"line":25,"column":47},"end":{"line":25,"column":51}}]},"9":{"type":"branch","line":28,"loc":{"start":{"line":28,"column":26},"end":{"line":28,"column":36}},"locations":[{"start":{"line":28,"column":26},"end":{"line":28,"column":36}}]},"10":{"type":"branch","line":29,"loc":{"start":{"line":29,"column":35},"end":{"line":29,"column":48}},"locations":[{"start":{"line":29,"column":35},"end":{"line":29,"column":48}}]},"11":{"type":"branch","line":38,"loc":{"start":{"line":38,"column":47},"end":{"line":38,"column":59}},"locations":[{"start":{"line":38,"column":47},"end":{"line":38,"column":59}}]},"12":{"type":"branch","line":42,"loc":{"start":{"line":42,"column":47},"end":{"line":42,"column":59}},"locations":[{"start":{"line":42,"column":47},"end":{"line":42,"column":59}}]},"13":{"type":"branch","line":46,"loc":{"start":{"line":46,"column":47},"end":{"line":46,"column":59}},"locations":[{"start":{"line":46,"column":47},"end":{"line":46,"column":59}}]},"14":{"type":"branch","line":50,"loc":{"start":{"line":50,"column":47},"end":{"line":50,"column":59}},"locations":[{"start":{"line":50,"column":47},"end":{"line":50,"column":59}}]},"15":{"type":"branch","line":54,"loc":{"start":{"line":54,"column":47},"end":{"line":54,"column":59}},"locations":[{"start":{"line":54,"column":47},"end":{"line":54,"column":59}}]},"16":{"type":"branch","line":58,"loc":{"start":{"line":58,"column":47},"end":{"line":58,"column":59}},"locations":[{"start":{"line":58,"column":47},"end":{"line":58,"column":59}}]},"17":{"type":"branch","line":62,"loc":{"start":{"line":62,"column":46},"end":{"line":62,"column":58}},"locations":[{"start":{"line":62,"column":46},"end":{"line":62,"column":58}}]},"18":{"type":"branch","line":66,"loc":{"start":{"line":66,"column":46},"end":{"line":66,"column":58}},"locations":[{"start":{"line":66,"column":46},"end":{"line":66,"column":58}}]},"19":{"type":"branch","line":70,"loc":{"start":{"line":70,"column":46},"end":{"line":70,"column":58}},"locations":[{"start":{"line":70,"column":46},"end":{"line":70,"column":58}}]},"20":{"type":"branch","line":74,"loc":{"start":{"line":74,"column":46},"end":{"line":74,"column":58}},"locations":[{"start":{"line":74,"column":46},"end":{"line":74,"column":58}}]},"21":{"type":"branch","line":78,"loc":{"start":{"line":78,"column":48},"end":{"line":78,"column":60}},"locations":[{"start":{"line":78,"column":48},"end":{"line":78,"column":60}}]},"22":{"type":"branch","line":82,"loc":{"start":{"line":82,"column":49},"end":{"line":82,"column":61}},"locations":[{"start":{"line":82,"column":49},"end":{"line":82,"column":61}}]}},"b":{"0":[65],"1":[36],"2":[29],"3":[0],"4":[0],"5":[41],"6":[24],"7":[29],"8":[36],"9":[52],"10":[52],"11":[4],"12":[4],"13":[4],"14":[4],"15":[4],"16":[4],"17":[4],"18":[11],"19":[4],"20":[16],"21":[4],"22":[2]},"fnMap":{"0":{"name":"TextBase","decl":{"start":{"line":5,"column":42},"end":{"line":36,"column":2}},"loc":{"start":{"line":5,"column":42},"end":{"line":36,"column":2}},"line":5},"1":{"name":"Title1","decl":{"start":{"line":38,"column":47},"end":{"line":38,"column":59}},"loc":{"start":{"line":38,"column":47},"end":{"line":38,"column":59}},"line":38},"2":{"name":"Title2","decl":{"start":{"line":42,"column":47},"end":{"line":42,"column":59}},"loc":{"start":{"line":42,"column":47},"end":{"line":42,"column":59}},"line":42},"3":{"name":"Title3","decl":{"start":{"line":46,"column":47},"end":{"line":46,"column":59}},"loc":{"start":{"line":46,"column":47},"end":{"line":46,"column":59}},"line":46},"4":{"name":"Title4","decl":{"start":{"line":50,"column":47},"end":{"line":50,"column":59}},"loc":{"start":{"line":50,"column":47},"end":{"line":50,"column":59}},"line":50},"5":{"name":"Title5","decl":{"start":{"line":54,"column":47},"end":{"line":54,"column":59}},"loc":{"start":{"line":54,"column":47},"end":{"line":54,"column":59}},"line":54},"6":{"name":"Title6","decl":{"start":{"line":58,"column":47},"end":{"line":58,"column":59}},"loc":{"start":{"line":58,"column":47},"end":{"line":58,"column":59}},"line":58},"7":{"name":"Text1","decl":{"start":{"line":62,"column":46},"end":{"line":62,"column":58}},"loc":{"start":{"line":62,"column":46},"end":{"line":62,"column":58}},"line":62},"8":{"name":"Text2","decl":{"start":{"line":66,"column":46},"end":{"line":66,"column":58}},"loc":{"start":{"line":66,"column":46},"end":{"line":66,"column":58}},"line":66},"9":{"name":"Text3","decl":{"start":{"line":70,"column":46},"end":{"line":70,"column":58}},"loc":{"start":{"line":70,"column":46},"end":{"line":70,"column":58}},"line":70},"10":{"name":"Text4","decl":{"start":{"line":74,"column":46},"end":{"line":74,"column":58}},"loc":{"start":{"line":74,"column":46},"end":{"line":74,"column":58}},"line":74},"11":{"name":"TextCTA","decl":{"start":{"line":78,"column":48},"end":{"line":78,"column":60}},"loc":{"start":{"line":78,"column":48},"end":{"line":78,"column":60}},"line":78},"12":{"name":"TextLink","decl":{"start":{"line":82,"column":49},"end":{"line":82,"column":61}},"loc":{"start":{"line":82,"column":49},"end":{"line":82,"column":61}},"line":82}},"f":{"0":65,"1":4,"2":4,"3":4,"4":4,"5":4,"6":4,"7":4,"8":11,"9":4,"10":16,"11":4,"12":2}}
}
