TN:
SF:src/assets/icons/PlusIcon.tsx
FN:3,PlusIcon
FNF:1
FNH:1
FNDA:2,PlusIcon
DA:1,1
DA:2,1
DA:3,1
DA:4,1
DA:5,1
DA:6,1
DA:7,1
DA:8,1
DA:9,1
LF:9
LH:9
BRDA:3,0,0,2
BRF:1
BRH:1
end_of_record
TN:
SF:src/components/Button/Button.styles.tsx
FN:7,Object.<anonymous>.exports.ButtonElement
FN:13,Object.<anonymous>.exports.ButtonElement
FN:19,Object.<anonymous>.exports.ButtonElement
FN:21,Object.<anonymous>.exports.ButtonElement
FN:23,Object.<anonymous>.exports.ButtonElement
FN:27,Object.<anonymous>.exports.ButtonElement
FN:34,Object.<anonymous>.exports.ButtonElement
FN:40,Object.<anonymous>.exports.ButtonElement
FN:118,Object.<anonymous>.exports.OrangeButtonElement
FNF:9
FNH:9
FNDA:3,Object.<anonymous>.exports.ButtonElement
FNDA:3,Object.<anonymous>.exports.ButtonElement
FNDA:3,Object.<anonymous>.exports.ButtonElement
FNDA:3,Object.<anonymous>.exports.ButtonElement
FNDA:3,Object.<anonymous>.exports.ButtonElement
FNDA:3,Object.<anonymous>.exports.ButtonElement
FNDA:3,Object.<anonymous>.exports.ButtonElement
FNDA:3,Object.<anonymous>.exports.ButtonElement
FNDA:1,Object.<anonymous>.exports.OrangeButtonElement
DA:1,1
DA:2,1
DA:3,1
DA:4,1
DA:5,1
DA:6,1
DA:7,1
DA:8,3
DA:9,3
DA:10,3
DA:11,2
DA:12,3
DA:13,1
DA:14,3
DA:15,3
DA:16,3
DA:17,2
DA:18,3
DA:19,1
DA:20,3
DA:21,1
DA:22,3
DA:23,1
DA:24,3
DA:25,3
DA:26,3
DA:27,1
DA:28,3
DA:29,3
DA:30,3
DA:31,1
DA:32,1
DA:33,1
DA:34,1
DA:35,1
DA:36,1
DA:37,1
DA:38,1
DA:39,1
DA:40,1
DA:41,3
DA:42,3
DA:43,3
DA:44,1
DA:45,1
DA:46,1
DA:47,1
DA:48,1
DA:49,1
DA:50,1
DA:51,1
DA:52,1
DA:53,1
DA:54,3
DA:55,1
DA:56,1
DA:57,1
DA:58,1
DA:59,1
DA:60,1
DA:61,1
DA:62,1
DA:63,1
DA:64,1
DA:65,1
DA:66,1
DA:67,1
DA:68,1
DA:69,1
DA:70,1
DA:71,1
DA:72,1
DA:73,1
DA:74,1
DA:75,1
DA:76,1
DA:77,1
DA:78,1
DA:79,1
DA:80,1
DA:81,1
DA:82,1
DA:83,1
DA:84,1
DA:85,1
DA:86,1
DA:87,1
DA:88,1
DA:89,1
DA:90,1
DA:91,1
DA:92,1
DA:93,1
DA:94,3
DA:95,3
DA:96,3
DA:97,2
DA:98,3
DA:99,1
DA:100,1
DA:101,1
DA:102,1
DA:103,1
DA:104,1
DA:105,1
DA:106,1
DA:107,1
DA:108,1
DA:109,1
DA:110,1
DA:111,1
DA:112,1
DA:113,1
DA:114,1
DA:115,1
DA:116,1
DA:117,1
DA:118,1
DA:119,1
DA:120,1
DA:121,1
DA:122,1
DA:123,1
DA:124,1
DA:125,1
DA:126,1
DA:127,1
DA:128,1
DA:129,1
DA:130,1
DA:131,1
DA:132,1
DA:133,1
DA:134,1
DA:135,1
DA:136,1
DA:137,1
DA:138,1
DA:139,1
DA:140,1
DA:141,1
DA:142,1
DA:143,1
DA:144,1
DA:145,1
DA:146,1
LF:146
LH:146
BRDA:7,0,0,3
BRDA:9,1,0,1
BRDA:10,2,0,2
BRDA:11,3,0,0
BRDA:13,4,0,3
BRDA:15,5,0,1
BRDA:16,6,0,2
BRDA:17,7,0,0
BRDA:19,8,0,3
BRDA:20,9,0,1
BRDA:20,10,0,2
BRDA:21,11,0,3
BRDA:22,12,0,0
BRDA:23,13,0,3
BRDA:25,14,0,0
BRDA:27,15,0,3
BRDA:29,16,0,0
BRDA:34,17,0,3
BRDA:40,18,0,3
BRDA:42,19,0,1
BRDA:43,20,0,2
BRDA:53,21,0,3
BRDA:54,22,0,0
BRDA:93,23,0,3
BRDA:95,24,0,1
BRDA:96,25,0,2
BRDA:97,26,0,0
BRDA:118,27,0,1
BRDA:119,28,0,0
BRDA:122,29,0,1
BRDA:124,30,0,0
BRDA:126,31,0,1
BRDA:127,32,0,0
BRF:33
BRH:23
end_of_record
TN:
SF:src/components/Button/Button.tsx
FN:10,ButtonWithIcon
FN:21,Button
FN:26,OrangeButton
FNF:3
FNH:3
FNDA:1,ButtonWithIcon
FNDA:2,Button
FNDA:1,OrangeButton
DA:1,1
DA:2,1
DA:3,1
DA:4,1
DA:5,1
DA:6,1
DA:7,1
DA:8,1
DA:9,1
DA:10,1
DA:11,1
DA:12,1
DA:13,1
DA:14,1
DA:15,1
DA:16,1
DA:17,1
DA:18,1
DA:19,1
DA:20,1
DA:21,1
DA:22,2
DA:23,2
DA:24,2
DA:25,1
DA:26,1
DA:27,1
DA:28,1
DA:29,1
DA:30,1
DA:31,1
LF:31
LH:31
BRDA:10,0,0,1
BRDA:21,1,0,2
BRDA:26,2,0,1
BRF:3
BRH:3
end_of_record
TN:
SF:src/components/Icon/Icons.tsx
FN:34,Icon
FNF:1
FNH:1
FNDA:2,Icon
DA:1,1
DA:2,1
DA:3,1
DA:4,1
DA:5,1
DA:6,1
DA:7,1
DA:8,1
DA:9,1
DA:10,1
DA:11,1
DA:12,1
DA:13,1
DA:14,1
DA:15,1
DA:16,1
DA:17,1
DA:18,1
DA:19,1
DA:20,1
DA:21,1
DA:22,1
DA:23,1
DA:24,1
DA:25,1
DA:26,1
DA:27,1
DA:28,1
DA:29,1
DA:30,1
DA:31,1
DA:32,1
DA:33,1
DA:34,1
DA:35,2
DA:36,2
DA:37,2
DA:38,2
DA:39,2
DA:40,2
DA:41,2
DA:42,1
DA:43,1
LF:43
LH:43
BRDA:21,0,0,2
BRDA:34,1,0,2
BRDA:34,2,0,0
BRF:3
BRH:2
end_of_record
TN:
SF:src/parameters/colors.ts
FNF:0
FNH:0
DA:1,1
DA:2,1
DA:3,1
DA:4,1
DA:5,1
DA:6,1
DA:7,1
DA:8,1
DA:9,1
DA:10,1
DA:11,1
LF:11
LH:11
BRF:0
BRH:0
end_of_record
TN:
SF:src/parameters/sizes.ts
FNF:0
FNH:0
DA:1,1
DA:2,1
DA:3,1
DA:4,1
DA:5,1
DA:6,1
DA:7,1
DA:8,1
DA:9,1
DA:10,1
DA:11,1
DA:12,1
DA:13,1
DA:14,1
DA:15,1
DA:16,1
DA:17,1
DA:18,1
DA:19,1
DA:20,1
DA:21,1
DA:22,1
DA:23,1
LF:23
LH:23
BRF:0
BRH:0
end_of_record
