TN:
SF:src\styles.scss
FN:1,Object.<anonymous>
FNF:1
FNH:1
FNDA:15,Object.<anonymous>
DA:1,1
DA:2,1
DA:3,1
DA:4,1
DA:5,1
DA:6,1
DA:7,1
DA:8,1
DA:9,1
DA:10,1
DA:11,1
DA:12,1
DA:13,1
DA:14,1
DA:15,1
DA:16,1
DA:17,1
DA:18,1
DA:19,1
DA:20,1
DA:21,1
DA:22,1
DA:23,1
DA:24,1
DA:25,1
DA:26,1
DA:27,1
DA:28,1
DA:29,1
DA:30,1
DA:31,1
DA:32,1
DA:33,1
DA:34,1
DA:35,1
DA:36,1
DA:37,1
DA:38,1
DA:39,1
DA:40,1
DA:41,1
DA:42,1
DA:43,1
LF:43
LH:43
BRDA:1,0,0,15
BRDA:1,1,0,15
BRF:2
BRH:2
end_of_record
TN:
SF:src\assets\icons\ArrowDropdown.tsx
FN:3,ArrowDropdown
FNF:1
FNH:1
FNDA:58,ArrowDropdown
DA:1,1
DA:2,1
DA:3,1
DA:4,1
DA:5,1
DA:6,1
DA:7,1
DA:8,1
DA:9,1
LF:9
LH:9
BRDA:3,0,0,58
BRF:1
BRH:1
end_of_record
TN:
SF:src\assets\icons\DownArrow.tsx
FN:3,DownArrow
FNF:1
FNH:1
FNDA:16,DownArrow
DA:1,1
DA:2,1
DA:3,1
DA:4,1
DA:5,1
DA:6,1
DA:7,1
DA:8,1
DA:9,1
LF:9
LH:9
BRDA:3,0,0,16
BRF:1
BRH:1
end_of_record
TN:
SF:src\assets\icons\GroupAdd.tsx
FN:3,GroupAdd
FNF:1
FNH:0
FNDA:0,GroupAdd
DA:1,1
DA:2,1
DA:3,1
DA:4,0
DA:5,0
DA:6,0
DA:7,0
DA:8,0
DA:9,0
DA:10,0
DA:11,0
DA:12,1
DA:13,1
LF:13
LH:5
BRF:0
BRH:0
end_of_record
TN:
SF:src\assets\icons\Info.tsx
FN:3,Info
FNF:1
FNH:1
FNDA:7,Info
DA:1,1
DA:2,1
DA:3,1
DA:4,7
DA:5,7
DA:6,7
DA:7,7
DA:8,7
DA:9,7
DA:10,1
DA:11,1
LF:11
LH:11
BRDA:3,0,0,7
BRF:1
BRH:1
end_of_record
TN:
SF:src\assets\icons\LeftArrowIcon.tsx
FN:3,LeftArrow
FNF:1
FNH:1
FNDA:13,LeftArrow
DA:1,1
DA:2,1
DA:3,1
DA:4,1
DA:5,1
DA:6,1
DA:7,1
DA:8,1
DA:9,1
LF:9
LH:9
BRDA:3,0,0,13
BRF:1
BRH:1
end_of_record
TN:
SF:src\assets\icons\PlusIcon.tsx
FN:3,PlusIcon
FNF:1
FNH:1
FNDA:7,PlusIcon
DA:1,1
DA:2,1
DA:3,1
DA:4,1
DA:5,1
DA:6,1
DA:7,1
DA:8,1
DA:9,1
LF:9
LH:9
BRDA:3,0,0,7
BRF:1
BRH:1
end_of_record
TN:
SF:src\assets\icons\RightArrowIcon.tsx
FN:3,RightArrow
FNF:1
FNH:1
FNDA:17,RightArrow
DA:1,1
DA:2,1
DA:3,1
DA:4,1
DA:5,1
DA:6,1
DA:7,1
LF:7
LH:7
BRDA:3,0,0,17
BRF:1
BRH:1
end_of_record
TN:
SF:src\components\Accordion\Accordion.tsx
FN:9,AccordionTab
FN:13,Accordion
FN:24,updateActiveIndex
FN:32,createTabHeader
FN:43,onClick
FN:45,onClick
FN:55,createTabContent
FN:68,createTab
FN:73,onKeyDown
FN:91,createTabs
FNF:10
FNH:10
FNDA:1,AccordionTab
FNDA:11,Accordion
FNDA:3,updateActiveIndex
FNDA:11,createTabHeader
FNDA:1,onClick
FNDA:1,onClick
FNDA:11,createTabContent
FNDA:11,createTab
FNDA:3,onKeyDown
FNDA:11,createTabs
DA:1,1
DA:2,1
DA:3,1
DA:4,1
DA:5,1
DA:6,1
DA:7,1
DA:8,1
DA:9,1
DA:10,1
DA:11,1
DA:12,1
DA:13,1
DA:14,11
DA:15,11
DA:16,11
DA:17,11
DA:18,11
DA:19,4
DA:20,4
DA:21,4
DA:22,11
DA:23,11
DA:24,11
DA:25,3
DA:26,2
DA:27,3
DA:28,1
DA:29,1
DA:30,11
DA:31,11
DA:32,11
DA:33,11
DA:34,11
DA:35,11
DA:36,11
DA:37,11
DA:38,11
DA:39,11
DA:40,11
DA:41,11
DA:42,11
DA:43,11
DA:44,11
DA:45,11
DA:46,11
DA:47,11
DA:48,11
DA:49,11
DA:50,11
DA:51,11
DA:52,11
DA:53,11
DA:54,11
DA:55,11
DA:56,11
DA:57,11
DA:58,11
DA:59,11
DA:60,11
DA:61,11
DA:62,11
DA:63,11
DA:64,11
DA:65,11
DA:66,11
DA:67,11
DA:68,11
DA:69,11
DA:70,11
DA:71,11
DA:72,11
DA:73,11
DA:74,3
DA:75,2
DA:76,11
DA:77,11
DA:78,11
DA:79,11
DA:80,11
DA:81,11
DA:82,11
DA:83,11
DA:84,11
DA:85,11
DA:86,11
DA:87,11
DA:88,11
DA:89,11
DA:90,11
DA:91,11
DA:92,11
DA:93,11
DA:94,11
DA:95,11
DA:96,11
DA:97,11
DA:98,11
DA:99,11
DA:100,11
DA:101,11
DA:102,11
DA:103,11
DA:104,11
DA:105,11
DA:106,11
LF:106
LH:106
BRDA:9,0,0,1
BRDA:13,1,0,11
BRDA:16,2,0,2
BRDA:16,3,0,9
BRDA:18,4,0,4
BRDA:24,5,0,3
BRDA:25,6,0,2
BRDA:27,7,0,1
BRDA:32,8,0,11
BRDA:49,9,0,2
BRDA:49,10,0,9
BRDA:43,11,0,1
BRDA:45,12,0,1
BRDA:55,13,0,11
BRDA:64,14,0,2
BRDA:64,15,0,9
BRDA:68,16,0,11
BRDA:70,17,0,2
BRDA:70,18,0,9
BRDA:71,19,0,2
BRDA:71,20,0,9
BRDA:73,21,0,3
BRDA:74,22,0,1
BRDA:75,23,0,2
BRDA:91,24,0,11
BRF:25
BRH:25
end_of_record
TN:
SF:src\components\Accordion\index.tsx
FNF:0
FNH:0
DA:1,1
LF:1
LH:1
BRF:0
BRH:0
end_of_record
TN:
SF:src\components\Accordion\hooks\index.ts
FN:3,get
FNF:1
FNH:1
FNDA:18,get
DA:1,1
DA:2,1
DA:3,1
LF:3
LH:3
BRDA:3,0,0,18
BRF:1
BRH:1
end_of_record
TN:
SF:src\components\Accordion\hooks\useMountEffect.ts
FN:3,useMountEffect
FNF:1
FNH:1
FNDA:18,useMountEffect
DA:1,1
DA:2,1
DA:3,1
DA:4,18
DA:5,18
DA:6,6
DA:7,6
DA:8,6
DA:9,6
DA:10,18
DA:11,18
LF:11
LH:11
BRDA:3,0,0,18
BRDA:5,1,0,6
BRF:2
BRH:2
end_of_record
TN:
SF:src\components\Accordion\utils\MergeClassNames.ts
FN:1,mergeClassNames
FNF:1
FNH:1
FNDA:30,mergeClassNames
DA:1,1
DA:2,30
DA:3,30
DA:4,5
DA:5,5
DA:6,5
DA:7,5
DA:8,48
DA:9,13
DA:10,13
DA:11,35
DA:12,5
DA:13,5
LF:13
LH:13
BRDA:1,0,0,30
BRDA:3,1,0,25
BRDA:4,2,0,5
BRDA:7,3,0,48
BRDA:8,4,0,13
BRDA:11,5,0,35
BRF:6
BRH:6
end_of_record
TN:
SF:src\components\Accordion\utils\index.ts
FN:3,get
FNF:1
FNH:1
FNDA:29,get
DA:1,1
DA:2,1
DA:3,1
LF:3
LH:3
BRDA:3,0,0,29
BRF:1
BRH:1
end_of_record
TN:
SF:src\components\Alert\Alert.tsx
FN:5,Alert
FNF:1
FNH:1
FNDA:3,Alert
DA:1,1
DA:2,1
DA:3,1
DA:4,1
DA:5,1
DA:6,3
DA:7,3
DA:8,3
DA:9,3
DA:10,3
DA:11,3
DA:12,3
DA:13,3
DA:14,3
DA:15,3
DA:16,3
DA:17,3
DA:18,3
DA:19,1
DA:20,1
LF:20
LH:20
BRDA:5,0,0,3
BRF:1
BRH:1
end_of_record
TN:
SF:src\components\Arrow\Arrow.tsx
FN:6,Arrow
FNF:1
FNH:1
FNDA:2,Arrow
DA:1,1
DA:2,1
DA:3,1
DA:4,1
DA:5,1
DA:6,1
DA:7,2
DA:8,2
DA:9,2
DA:10,1
DA:11,2
DA:12,1
DA:13,2
DA:14,2
DA:15,2
DA:16,2
LF:16
LH:16
BRDA:6,0,0,2
BRDA:9,1,0,1
BRDA:11,2,0,1
BRF:3
BRH:3
end_of_record
TN:
SF:src\components\Breadcrumb\Breadcrumb.tsx
FN:6,Breadcrumb
FNF:1
FNH:1
FNDA:4,Breadcrumb
DA:1,1
DA:2,1
DA:3,1
DA:4,1
DA:5,1
DA:6,1
DA:7,4
DA:8,4
DA:9,4
DA:10,4
DA:11,4
DA:12,4
DA:13,6
DA:14,6
DA:15,6
DA:16,4
DA:17,4
DA:18,4
DA:19,4
DA:20,6
DA:21,6
DA:22,6
DA:23,4
DA:24,4
DA:25,4
DA:26,4
DA:27,4
DA:28,4
DA:29,4
DA:30,1
DA:31,1
LF:31
LH:31
BRDA:6,0,0,4
BRDA:10,1,0,10
BRDA:12,2,0,6
BRDA:17,3,0,4
BRDA:19,4,0,6
BRDA:20,5,0,0
BRF:6
BRH:5
end_of_record
TN:
SF:src\components\Button\Button.tsx
FN:6,Button
FN:28,ButtonWithIcon
FN:54,OrangeButton
FNF:3
FNH:3
FNDA:6,Button
FNDA:4,ButtonWithIcon
FNDA:3,OrangeButton
DA:1,1
DA:2,1
DA:3,1
DA:4,1
DA:5,1
DA:6,1
DA:7,6
DA:8,6
DA:9,6
DA:10,6
DA:11,6
DA:12,6
DA:13,6
DA:14,6
DA:15,6
DA:16,6
DA:17,6
DA:18,6
DA:19,6
DA:20,6
DA:21,6
DA:22,6
DA:23,6
DA:24,6
DA:25,6
DA:26,6
DA:27,1
DA:28,1
DA:29,4
DA:30,4
DA:31,4
DA:32,4
DA:33,4
DA:34,4
DA:35,4
DA:36,4
DA:37,4
DA:38,4
DA:39,4
DA:40,4
DA:41,4
DA:42,4
DA:43,4
DA:44,4
DA:45,4
DA:46,4
DA:47,4
DA:48,1
DA:49,4
DA:50,4
DA:51,4
DA:52,4
DA:53,1
DA:54,1
DA:55,3
DA:56,3
DA:57,3
DA:58,3
DA:59,3
DA:60,3
DA:61,3
DA:62,3
DA:63,3
DA:64,3
DA:65,3
DA:66,3
DA:67,3
DA:68,3
DA:69,3
DA:70,3
DA:71,3
DA:72,3
DA:73,3
DA:74,3
DA:75,1
LF:75
LH:75
BRDA:6,0,0,6
BRDA:7,1,0,5
BRDA:7,2,0,1
BRDA:12,3,0,1
BRDA:28,4,0,4
BRDA:29,5,0,3
BRDA:29,6,0,1
BRDA:34,7,0,3
BRDA:47,8,0,1
BRDA:54,9,0,3
BRDA:55,10,0,2
BRDA:55,11,0,1
BRDA:60,12,0,1
BRF:13
BRH:13
end_of_record
TN:
SF:src\components\Button\index.ts
FNF:0
FNH:0
DA:1,1
LF:1
LH:1
BRF:0
BRH:0
end_of_record
TN:
SF:src\components\Checkbox\Checkbox.tsx
FN:5,Checkbox
FN:16,onChange
FNF:2
FNH:2
FNDA:4,Checkbox
FNDA:1,onChange
DA:1,1
DA:2,1
DA:3,1
DA:4,1
DA:5,1
DA:6,4
DA:7,4
DA:8,4
DA:9,4
DA:10,4
DA:11,4
DA:12,4
DA:13,4
DA:14,4
DA:15,4
DA:16,4
DA:17,4
DA:18,4
DA:19,4
DA:20,4
DA:21,4
DA:22,4
DA:23,4
LF:23
LH:23
BRDA:5,0,0,4
BRDA:9,1,0,3
BRDA:9,2,0,1
BRDA:12,3,0,1
BRDA:12,4,0,3
BRDA:16,5,0,1
BRF:6
BRH:6
end_of_record
TN:
SF:src\components\Circle\Circle.tsx
FN:5,Circle
FNF:1
FNH:1
FNDA:34,Circle
DA:1,1
DA:2,1
DA:3,1
DA:4,1
DA:5,1
DA:6,34
DA:7,34
DA:8,34
DA:9,34
DA:10,34
DA:11,34
DA:12,34
DA:13,34
DA:14,34
DA:15,34
DA:16,34
DA:17,34
DA:18,34
DA:19,34
DA:20,34
DA:21,34
DA:22,34
DA:23,34
DA:24,34
DA:25,34
DA:26,34
DA:27,34
DA:28,1
DA:29,1
LF:29
LH:29
BRDA:5,0,0,34
BRDA:6,1,0,2
BRDA:6,2,0,32
BRDA:7,3,0,33
BRDA:7,4,0,1
BRDA:8,5,0,3
BRDA:8,6,0,31
BRDA:15,7,0,11
BRDA:15,8,0,23
BRDA:19,9,0,30
BRDA:19,10,0,4
BRDA:23,11,0,30
BRDA:23,12,0,4
BRF:13
BRH:13
end_of_record
TN:
SF:src\components\Dropdown\Dropdown.tsx
FN:7,Dropdown
FN:34,toggleDropdown
FN:36,handleInputChange
FN:45,handleKeyDown
FN:57,handleSelect
FN:70,handleClickOutside
FN:76,highList
FN:114,onClick
FNF:8
FNH:8
FNDA:45,Dropdown
FNDA:12,toggleDropdown
FNDA:4,handleInputChange
FNDA:8,handleKeyDown
FNDA:4,handleSelect
FNDA:1,handleClickOutside
FNDA:23,highList
FNDA:3,onClick
DA:1,1
DA:2,1
DA:3,1
DA:4,1
DA:5,1
DA:6,1
DA:7,1
DA:8,45
DA:9,45
DA:10,45
DA:11,45
DA:12,45
DA:13,45
DA:14,45
DA:15,45
DA:16,45
DA:17,45
DA:18,45
DA:19,45
DA:20,45
DA:21,45
DA:22,45
DA:23,45
DA:24,15
DA:25,2
DA:26,2
DA:27,1
DA:28,1
DA:29,1
DA:30,1
DA:31,2
DA:32,45
DA:33,45
DA:34,45
DA:35,45
DA:36,45
DA:37,4
DA:38,4
DA:39,4
DA:40,4
DA:41,4
DA:42,4
DA:43,45
DA:44,45
DA:45,45
DA:46,8
DA:47,6
DA:48,8
DA:49,1
DA:50,1
DA:51,1
DA:52,1
DA:53,1
DA:54,1
DA:55,45
DA:56,45
DA:57,45
DA:58,4
DA:59,4
DA:60,4
DA:61,1
DA:62,1
DA:63,1
DA:64,1
DA:65,1
DA:66,1
DA:67,1
DA:68,45
DA:69,45
DA:70,45
DA:71,1
DA:72,1
DA:73,1
DA:74,45
DA:75,45
DA:76,45
DA:77,23
DA:78,45
DA:79,45
DA:80,45
DA:81,15
DA:82,15
DA:83,45
DA:84,45
DA:85,45
DA:86,45
DA:87,45
DA:88,45
DA:89,45
DA:90,45
DA:91,45
DA:92,45
DA:93,45
DA:94,45
DA:95,45
DA:96,45
DA:97,45
DA:98,45
DA:99,45
DA:100,45
DA:101,45
DA:102,45
DA:103,45
DA:104,23
DA:105,23
DA:106,0
DA:107,0
DA:108,0
DA:109,23
DA:110,23
DA:111,23
DA:112,23
DA:113,23
DA:114,23
DA:115,23
DA:116,23
DA:117,23
DA:118,23
DA:119,23
DA:120,23
DA:121,23
DA:122,45
DA:123,45
DA:124,45
DA:125,45
DA:126,1
DA:127,1
LF:127
LH:124
BRDA:7,0,0,45
BRDA:20,1,0,42
BRDA:87,2,0,32
BRDA:103,3,0,23
BRDA:104,4,0,18
BRDA:105,5,0,0
BRDA:23,6,0,15
BRDA:24,7,0,2
BRDA:26,8,0,1
BRDA:25,9,0,4
BRDA:34,10,0,12
BRDA:36,11,0,4
BRDA:40,12,0,12
BRDA:45,13,0,8
BRDA:46,14,0,6
BRDA:48,15,0,2
BRDA:48,16,0,1
BRDA:47,17,0,6
BRDA:49,18,0,1
BRDA:57,19,0,4
BRDA:60,20,0,1
BRDA:70,21,0,1
BRDA:76,22,0,23
BRDA:77,23,0,0
BRDA:80,24,0,15
BRDA:82,25,0,15
BRDA:110,26,0,51
BRDA:113,27,0,7
BRDA:113,28,0,44
BRDA:114,29,0,3
BRF:30
BRH:28
end_of_record
TN:
SF:src\components\Icon\Icons.tsx
FN:30,Icon
FNF:1
FNH:1
FNDA:118,Icon
DA:1,1
DA:2,1
DA:3,1
DA:4,1
DA:5,1
DA:6,1
DA:7,1
DA:8,1
DA:9,1
DA:10,1
DA:11,1
DA:12,1
DA:13,1
DA:14,1
DA:15,1
DA:16,1
DA:17,1
DA:18,1
DA:19,1
DA:20,1
DA:21,1
DA:22,1
DA:23,1
DA:24,1
DA:25,1
DA:26,1
DA:27,1
DA:28,1
DA:29,1
DA:30,1
DA:31,118
DA:32,118
DA:33,118
DA:34,118
DA:35,118
DA:36,118
DA:37,118
DA:38,118
DA:39,118
DA:40,118
DA:41,118
DA:42,118
DA:43,118
DA:44,118
DA:45,118
DA:46,118
DA:47,1
DA:48,1
LF:48
LH:48
BRDA:30,0,0,118
BRDA:31,1,0,0
BRDA:33,2,0,51
BRDA:33,3,0,67
BRF:4
BRH:3
end_of_record
TN:
SF:src\components\Input\Input.tsx
FN:12,InputBase
FN:44,handleChange
FN:54,handleBlur
FN:90,fieldState
FN:131,Input
FN:146,InputWithIcon
FN:154,renderIcon
FNF:7
FNH:7
FNDA:104,InputBase
FNDA:11,handleChange
FNDA:6,handleBlur
FNDA:104,fieldState
FNDA:64,Input
FNDA:48,InputWithIcon
FNDA:68,renderIcon
DA:1,1
DA:2,1
DA:3,1
DA:4,1
DA:5,1
DA:6,1
DA:7,1
DA:8,1
DA:9,1
DA:10,1
DA:11,1
DA:12,1
DA:13,104
DA:14,104
DA:15,104
DA:16,104
DA:17,104
DA:18,104
DA:19,104
DA:20,104
DA:21,104
DA:22,104
DA:23,104
DA:24,104
DA:25,104
DA:26,104
DA:27,104
DA:28,104
DA:29,104
DA:30,104
DA:31,104
DA:32,104
DA:33,104
DA:34,104
DA:35,104
DA:36,104
DA:37,104
DA:38,104
DA:39,104
DA:40,104
DA:41,43
DA:42,104
DA:43,104
DA:44,104
DA:45,11
DA:46,11
DA:47,11
DA:48,11
DA:49,5
DA:50,5
DA:51,5
DA:52,104
DA:53,104
DA:54,104
DA:55,6
DA:56,6
DA:57,6
DA:58,6
DA:59,1
DA:60,1
DA:61,6
DA:62,6
DA:63,6
DA:64,6
DA:65,6
DA:66,6
DA:67,6
DA:68,6
DA:69,6
DA:70,6
DA:71,6
DA:72,6
DA:73,6
DA:74,104
DA:75,104
DA:76,104
DA:77,104
DA:78,104
DA:79,104
DA:80,103
DA:81,103
DA:82,102
DA:83,102
DA:84,101
DA:85,101
DA:86,100
DA:87,104
DA:88,104
DA:89,104
DA:90,104
DA:91,104
DA:92,100
DA:93,104
DA:94,104
DA:95,104
DA:96,104
DA:97,104
DA:98,104
DA:99,104
DA:100,104
DA:101,104
DA:102,104
DA:103,104
DA:104,104
DA:105,104
DA:106,104
DA:107,104
DA:108,104
DA:109,104
DA:110,104
DA:111,104
DA:112,104
DA:113,104
DA:114,104
DA:115,104
DA:116,104
DA:117,104
DA:118,104
DA:119,17
DA:120,104
DA:121,104
DA:122,104
DA:123,104
DA:124,104
DA:125,1
DA:126,1
DA:127,1
DA:128,1
DA:129,1
DA:130,1
DA:131,1
DA:132,64
DA:133,64
DA:134,64
DA:135,64
DA:136,64
DA:137,64
DA:138,64
DA:139,64
DA:140,64
DA:141,64
DA:142,64
DA:143,64
DA:144,64
DA:145,1
DA:146,1
DA:147,48
DA:148,48
DA:149,48
DA:150,48
DA:151,48
DA:152,48
DA:153,48
DA:154,48
DA:155,48
DA:156,48
DA:157,48
DA:158,48
DA:159,48
DA:160,48
DA:161,48
DA:162,1
DA:163,1
LF:163
LH:163
BRDA:12,0,0,104
BRDA:18,1,0,103
BRDA:18,2,0,1
BRDA:19,3,0,103
BRDA:19,4,0,1
BRDA:20,5,0,103
BRDA:20,6,0,1
BRDA:21,7,0,103
BRDA:21,8,0,1
BRDA:22,9,0,103
BRDA:22,10,0,1
BRDA:35,11,0,68
BRDA:78,12,0,1
BRDA:79,13,0,103
BRDA:80,14,0,1
BRDA:81,15,0,102
BRDA:82,16,0,1
BRDA:83,17,0,101
BRDA:84,18,0,1
BRDA:85,19,0,100
BRDA:86,20,0,1
BRDA:87,21,0,99
BRDA:97,22,0,100
BRDA:103,23,0,13
BRDA:108,24,0,61
BRDA:116,25,0,68
BRDA:118,26,0,21
BRDA:118,27,0,17
BRDA:121,28,0,4
BRDA:40,29,0,43
BRDA:41,30,0,27
BRDA:44,31,0,11
BRDA:48,32,0,5
BRDA:54,33,0,6
BRDA:58,34,0,1
BRDA:71,35,0,2
BRDA:90,36,0,104
BRDA:91,37,0,4
BRDA:92,38,0,100
BRDA:131,39,0,64
BRDA:141,40,0,59
BRDA:141,41,0,58
BRDA:146,42,0,48
BRDA:154,43,0,68
BRF:44
BRH:44
end_of_record
TN:
SF:src\components\Input\index.ts
FNF:0
FNH:0
DA:1,1
LF:1
LH:1
BRF:0
BRH:0
end_of_record
TN:
SF:src\components\Input\utils\communPatterns.ts
FNF:0
FNH:0
DA:1,1
DA:2,1
DA:3,1
DA:4,1
DA:5,1
LF:5
LH:5
BRF:0
BRH:0
end_of_record
TN:
SF:src\components\Input\utils\validationUtils.ts
FN:1,performValidation
FN:32,capitalizeFirstLetter
FNF:2
FNH:2
FNDA:10,performValidation
FNDA:1,capitalizeFirstLetter
DA:1,1
DA:2,10
DA:3,10
DA:4,10
DA:5,10
DA:6,10
DA:7,10
DA:8,10
DA:9,10
DA:10,10
DA:11,10
DA:12,10
DA:13,10
DA:14,1
DA:15,1
DA:16,10
DA:17,10
DA:18,5
DA:19,5
DA:20,10
DA:21,10
DA:22,1
DA:23,1
DA:24,10
DA:25,10
DA:26,1
DA:27,1
DA:28,10
DA:29,10
DA:30,10
DA:31,1
DA:32,1
DA:33,1
DA:34,1
DA:35,1
DA:36,1
DA:37,1
DA:38,1
DA:39,1
LF:39
LH:39
BRDA:1,0,0,10
BRDA:13,1,0,1
BRDA:13,2,0,1
BRDA:17,3,0,7
BRDA:17,4,0,5
BRDA:21,5,0,1
BRDA:21,6,0,1
BRDA:25,7,0,1
BRDA:25,8,0,1
BRDA:32,9,0,1
BRDA:36,10,0,2
BRF:11
BRH:11
end_of_record
TN:
SF:src\components\MenuList\MenuList.tsx
FN:11,MenuList
FN:18,handleClickOutside
FN:42,onClick
FNF:3
FNH:3
FNDA:7,MenuList
FNDA:3,handleClickOutside
FNDA:2,onClick
DA:1,1
DA:2,1
DA:3,1
DA:4,1
DA:5,1
DA:6,1
DA:7,1
DA:8,1
DA:9,1
DA:10,1
DA:11,1
DA:12,7
DA:13,7
DA:14,7
DA:15,7
DA:16,7
DA:17,7
DA:18,7
DA:19,3
DA:20,1
DA:21,1
DA:22,7
DA:23,7
DA:24,7
DA:25,2
DA:26,2
DA:27,2
DA:28,7
DA:29,7
DA:30,7
DA:31,2
DA:32,2
DA:33,2
DA:34,2
DA:35,7
DA:36,7
DA:37,7
DA:38,7
DA:39,7
DA:40,7
DA:41,7
DA:42,7
DA:43,7
DA:44,7
DA:45,7
DA:46,7
DA:47,7
DA:48,7
DA:49,7
DA:50,7
DA:51,2
DA:52,2
DA:53,8
DA:54,8
DA:55,8
DA:56,8
DA:57,8
DA:58,8
DA:59,2
DA:60,7
DA:61,7
DA:62,7
DA:63,7
DA:64,7
DA:65,7
LF:65
LH:65
BRDA:11,0,0,7
BRDA:14,1,0,2
BRDA:14,2,0,5
BRDA:14,3,0,4
BRDA:14,4,0,3
BRDA:39,5,0,3
BRDA:39,6,0,4
BRDA:40,7,0,3
BRDA:40,8,0,4
BRDA:44,9,0,0
BRDA:44,10,0,3
BRDA:44,11,0,4
BRDA:45,12,0,3
BRDA:45,13,0,4
BRDA:45,14,0,3
BRDA:45,15,0,4
BRDA:47,16,0,2
BRDA:47,17,0,5
BRDA:50,18,0,2
BRDA:18,19,0,3
BRDA:19,20,0,1
BRDA:24,21,0,2
BRDA:30,22,0,2
BRDA:32,23,0,2
BRDA:42,24,0,2
BRDA:52,25,0,8
BRF:26
BRH:25
end_of_record
TN:
SF:src\components\SectionAccordion\SectionAccordion.tsx
FN:5,SectionAccordion
FNF:1
FNH:1
FNDA:3,SectionAccordion
DA:1,1
DA:2,1
DA:3,1
DA:4,1
DA:5,1
DA:6,3
DA:7,3
DA:8,3
DA:9,3
DA:10,3
DA:11,3
DA:12,3
DA:13,3
DA:14,3
DA:15,3
DA:16,3
DA:17,3
DA:18,3
DA:19,3
DA:20,3
DA:21,3
DA:22,3
DA:23,3
DA:24,3
DA:25,3
DA:26,3
DA:27,3
DA:28,3
DA:29,3
LF:29
LH:29
BRDA:5,0,0,3
BRDA:7,1,0,1
BRDA:7,2,0,2
BRDA:8,3,0,1
BRDA:8,4,0,2
BRDA:14,5,0,1
BRDA:14,6,0,2
BRDA:19,7,0,1
BRDA:19,8,0,2
BRF:9
BRH:9
end_of_record
TN:
SF:src\components\Stepper\Stepper.tsx
FN:7,Stepper
FN:14,handleStepChange
FN:21,handlePrevious
FN:27,handleNext
FN:42,onClick
FNF:5
FNH:5
FNDA:10,Stepper
FNDA:3,handleStepChange
FNDA:1,handlePrevious
FNDA:1,handleNext
FNDA:1,onClick
DA:1,1
DA:2,1
DA:3,1
DA:4,1
DA:5,1
DA:6,1
DA:7,1
DA:8,10
DA:9,10
DA:10,10
DA:11,10
DA:12,10
DA:13,10
DA:14,10
DA:15,3
DA:16,3
DA:17,3
DA:18,3
DA:19,10
DA:20,10
DA:21,10
DA:22,1
DA:23,1
DA:24,1
DA:25,10
DA:26,10
DA:27,10
DA:28,1
DA:29,1
DA:30,1
DA:31,10
DA:32,10
DA:33,10
DA:34,10
DA:35,10
DA:36,10
DA:37,10
DA:38,10
DA:39,10
DA:40,10
DA:41,10
DA:42,10
DA:43,10
DA:44,10
DA:45,10
DA:46,10
DA:47,10
DA:48,10
DA:49,10
DA:50,10
DA:51,10
DA:52,10
DA:53,1
DA:54,1
LF:54
LH:54
BRDA:7,0,0,10
BRDA:9,1,0,3
BRDA:9,2,0,7
BRDA:14,3,0,3
BRDA:21,4,0,1
BRDA:27,5,0,1
BRDA:38,6,0,30
BRDA:42,7,0,1
BRF:8
BRH:8
end_of_record
TN:
SF:src\components\Table\Table.tsx
FN:5,Table
FN:36,requestSort
FN:48,handleChange
FN:62,onClick
FN:90,onPageChange
FN:97,Pagination
FN:113,onClick
FN:120,onClick
FN:129,onClick
FN:135,onClick
FNF:10
FNH:6
FNDA:6,Table
FNDA:2,requestSort
FNDA:0,handleChange
FNDA:2,onClick
FNDA:1,onPageChange
FNDA:6,Pagination
FNDA:0,onClick
FNDA:0,onClick
FNDA:1,onClick
FNDA:0,onClick
DA:1,1
DA:2,1
DA:3,1
DA:4,1
DA:5,6
DA:6,6
DA:7,6
DA:8,6
DA:9,6
DA:10,6
DA:11,6
DA:12,6
DA:13,5
DA:14,5
DA:15,2
DA:16,11
DA:17,4
DA:18,4
DA:19,7
DA:20,7
DA:21,7
DA:22,0
DA:23,2
DA:24,2
DA:25,5
DA:26,6
DA:27,6
DA:28,6
DA:29,6
DA:30,6
DA:31,6
DA:32,6
DA:33,6
DA:34,6
DA:35,6
DA:36,6
DA:37,2
DA:38,2
DA:39,2
DA:40,2
DA:41,1
DA:42,2
DA:43,1
DA:44,1
DA:45,2
DA:46,6
DA:47,6
DA:48,6
DA:49,0
DA:50,0
DA:51,6
DA:52,6
DA:53,6
DA:54,6
DA:55,6
DA:56,6
DA:57,6
DA:58,6
DA:59,6
DA:60,6
DA:61,6
DA:62,6
DA:63,6
DA:64,6
DA:65,6
DA:66,6
DA:67,2
DA:68,6
DA:69,6
DA:70,6
DA:71,6
DA:72,6
DA:73,6
DA:74,6
DA:75,6
DA:76,6
DA:77,6
DA:78,6
DA:79,6
DA:80,6
DA:81,6
DA:82,6
DA:83,6
DA:84,6
DA:85,6
DA:86,6
DA:87,6
DA:88,6
DA:89,6
DA:90,6
DA:91,6
DA:92,6
DA:93,6
DA:94,6
DA:95,6
DA:96,1
DA:97,6
DA:98,6
DA:99,6
DA:100,6
DA:101,6
DA:102,6
DA:103,6
DA:104,6
DA:105,6
DA:106,6
DA:107,4
DA:108,4
DA:109,2
DA:110,2
DA:111,2
DA:112,2
DA:113,2
DA:114,2
DA:115,2
DA:116,2
DA:117,2
DA:118,2
DA:119,2
DA:120,2
DA:121,2
DA:122,2
DA:123,2
DA:124,2
DA:125,2
DA:126,2
DA:127,2
DA:128,2
DA:129,2
DA:130,2
DA:131,2
DA:132,2
DA:133,2
DA:134,2
DA:135,2
DA:136,2
DA:137,2
DA:138,2
DA:139,2
DA:140,2
DA:141,2
DA:142,2
DA:143,2
LF:143
LH:140
BRDA:5,0,0,6
BRDA:5,1,0,0
BRDA:12,2,0,5
BRDA:14,3,0,2
BRDA:15,4,0,11
BRDA:16,5,0,4
BRDA:17,6,0,2
BRDA:17,7,0,2
BRDA:19,8,0,7
BRDA:20,9,0,3
BRDA:20,10,0,4
BRDA:22,11,0,0
BRDA:28,12,0,6
BRDA:36,13,0,2
BRDA:39,14,0,1
BRDA:40,15,0,1
BRDA:42,16,0,1
BRDA:59,17,0,18
BRDA:63,18,0,0
BRDA:66,19,0,6
BRDA:66,20,0,12
BRDA:66,21,0,6
BRDA:66,22,0,2
BRDA:67,23,0,1
BRDA:67,24,0,1
BRDA:62,25,0,2
BRDA:74,26,0,20
BRDA:76,27,0,60
BRDA:90,28,0,1
BRDA:97,29,0,6
BRDA:106,30,0,4
BRDA:109,31,0,2
BRDA:129,32,0,1
BRF:33
BRH:30
end_of_record
TN:
SF:src\components\Text\Text.tsx
FN:5,TextBase
FN:38,Title1
FN:46,Title2
FN:54,Title3
FN:62,Title4
FN:70,Title5
FN:78,Title6
FN:86,Text1
FN:90,Text2
FN:94,Text3
FN:98,Text4
FN:102,TextCTA
FN:106,TextLink
FNF:13
FNH:13
FNDA:101,TextBase
FNDA:4,Title1
FNDA:7,Title2
FNDA:4,Title3
FNDA:4,Title4
FNDA:22,Title5
FNDA:4,Title6
FNDA:7,Text1
FNDA:14,Text2
FNDA:8,Text3
FNDA:21,Text4
FNDA:4,TextCTA
FNDA:2,TextLink
DA:1,1
DA:2,1
DA:3,1
DA:4,1
DA:5,1
DA:6,101
DA:7,101
DA:8,101
DA:9,101
DA:10,101
DA:11,101
DA:12,101
DA:13,101
DA:14,101
DA:15,101
DA:16,101
DA:17,101
DA:18,101
DA:19,101
DA:20,101
DA:21,101
DA:22,101
DA:23,101
DA:24,101
DA:25,101
DA:26,101
DA:27,101
DA:28,101
DA:29,101
DA:30,101
DA:31,101
DA:32,101
DA:33,101
DA:34,101
DA:35,101
DA:36,101
DA:37,1
DA:38,1
DA:39,1
DA:40,1
DA:41,1
DA:42,1
DA:43,1
DA:44,1
DA:45,1
DA:46,1
DA:47,1
DA:48,1
DA:49,1
DA:50,1
DA:51,1
DA:52,1
DA:53,1
DA:54,1
DA:55,1
DA:56,1
DA:57,1
DA:58,1
DA:59,1
DA:60,1
DA:61,1
DA:62,1
DA:63,1
DA:64,1
DA:65,1
DA:66,1
DA:67,1
DA:68,1
DA:69,1
DA:70,1
DA:71,1
DA:72,1
DA:73,1
DA:74,1
DA:75,1
DA:76,1
DA:77,1
DA:78,1
DA:79,1
DA:80,1
DA:81,1
DA:82,1
DA:83,1
DA:84,1
DA:85,1
DA:86,1
DA:87,1
DA:88,1
DA:89,1
DA:90,1
DA:91,1
DA:92,1
DA:93,1
DA:94,1
DA:95,1
DA:96,1
DA:97,1
DA:98,1
DA:99,1
DA:100,1
DA:101,1
DA:102,1
DA:103,1
DA:104,1
DA:105,1
DA:106,1
DA:107,1
DA:108,1
DA:109,1
DA:110,1
DA:111,1
DA:112,1
DA:113,1
LF:113
LH:113
BRDA:5,0,0,101
BRDA:7,1,0,43
BRDA:7,2,0,58
BRDA:10,3,0,98
BRDA:10,4,0,3
BRDA:11,5,0,0
BRDA:13,6,0,56
BRDA:13,7,0,45
BRDA:25,8,0,58
BRDA:25,9,0,43
BRDA:28,10,0,81
BRDA:29,11,0,88
BRDA:38,12,0,4
BRDA:46,13,0,7
BRDA:54,14,0,4
BRDA:62,15,0,4
BRDA:70,16,0,22
BRDA:78,17,0,4
BRDA:86,18,0,7
BRDA:90,19,0,14
BRDA:94,20,0,8
BRDA:98,21,0,21
BRDA:102,22,0,4
BRDA:106,23,0,2
BRF:24
BRH:23
end_of_record
TN:
SF:src\components\Text\index.ts
FNF:0
FNH:0
DA:1,1
LF:1
LH:1
BRF:0
BRH:0
end_of_record
TN:
SF:src\components\Tooltip\Tooltip.tsx
FN:6,Tooltip
FNF:1
FNH:1
FNDA:7,Tooltip
DA:1,1
DA:2,1
DA:3,1
DA:4,1
DA:5,1
DA:6,1
DA:7,7
DA:8,7
DA:9,7
DA:10,7
DA:11,7
DA:12,7
DA:13,7
DA:14,7
DA:15,7
DA:16,7
DA:17,7
DA:18,7
DA:19,7
DA:20,7
DA:21,7
DA:22,7
DA:23,7
DA:24,7
DA:25,7
DA:26,7
DA:27,7
DA:28,7
DA:29,7
DA:30,7
DA:31,7
DA:32,7
DA:33,7
DA:34,7
DA:35,7
DA:36,1
DA:37,1
LF:37
LH:37
BRDA:6,0,0,7
BRDA:10,1,0,6
BRDA:10,2,0,1
BRDA:17,3,0,1
BRDA:17,4,0,6
BRDA:30,5,0,0
BRDA:32,6,0,1
BRF:7
BRH:6
end_of_record
TN:
SF:src\utils\UniqueComponentId.ts
FN:3,UniqueComponentId
FNF:1
FNH:1
FNDA:9,UniqueComponentId
DA:1,1
DA:2,1
DA:3,9
DA:4,9
DA:5,9
DA:6,9
DA:7,9
LF:7
LH:7
BRDA:3,0,0,9
BRDA:3,1,0,3
BRF:2
BRH:2
end_of_record
TN:
SF:src\utils\index.ts
FNF:0
FNH:0
DA:1,1
DA:2,1
DA:3,1
LF:3
LH:3
BRF:0
BRH:0
end_of_record
